2019-03-07 17:02:34.433 INFO [main]com.qn.SpringBootWebApplication.logStarting:48 -Starting SpringBootWebApplication on yoky.local with PID 4358 (/Users/tsningning/IdeaProjects/Spring-boot-web/target/classes started by youq in /Users/tsningning/IdeaProjects/Spring-boot-web)
2019-03-07 17:02:34.438 INFO [main]com.qn.SpringBootWebApplication.logStartupProfileInfo:593 -No active profile set, falling back to default profiles: default
2019-03-07 17:02:34.546 INFO [background-preinit]org.hibernate.validator.internal.util.Version.<clinit>:30 -HV000001: Hibernate Validator 5.3.6.Final
2019-03-07 17:02:34.698 INFO [main]o.s.b.c.e.AnnotationConfigEmbeddedWebApplicationContext.prepareRefresh:583 -Refreshing org.springframework.boot.context.embedded.AnnotationConfigEmbeddedWebApplicationContext@55a561cf: startup date [Thu Mar 07 17:02:34 CST 2019]; root of context hierarchy
2019-03-07 17:02:35.503 INFO [main]o.s.b.c.embedded.tomcat.TomcatEmbeddedServletContainer.initialize:89 -Tomcat initialized with port(s): 8080 (http)
2019-03-07 17:02:35.511 INFO [main]org.apache.catalina.core.StandardService.log:179 -Starting service [Tomcat]
2019-03-07 17:02:35.512 INFO [main]org.apache.catalina.core.StandardEngine.log:179 -Starting Servlet Engine: Apache Tomcat/8.5.23
2019-03-07 17:02:35.569 INFO [localhost-startStop-1]o.a.catalina.core.ContainerBase.[Tomcat].[localhost].[/].log:179 -Initializing Spring embedded WebApplicationContext
2019-03-07 17:02:35.569 INFO [localhost-startStop-1]org.springframework.web.context.ContextLoader.prepareEmbeddedWebApplicationContext:276 -Root WebApplicationContext: initialization completed in 871 ms
2019-03-07 17:02:35.664 INFO [localhost-startStop-1]o.s.boot.web.servlet.ServletRegistrationBean.onStartup:190 -Mapping servlet: 'dispatcherServlet' to [/]
2019-03-07 17:02:35.667 INFO [localhost-startStop-1]o.s.boot.web.servlet.FilterRegistrationBean.configure:258 -Mapping filter: 'characterEncodingFilter' to: [/*]
2019-03-07 17:02:35.667 INFO [localhost-startStop-1]o.s.boot.web.servlet.FilterRegistrationBean.configure:258 -Mapping filter: 'hiddenHttpMethodFilter' to: [/*]
2019-03-07 17:02:35.668 INFO [localhost-startStop-1]o.s.boot.web.servlet.FilterRegistrationBean.configure:258 -Mapping filter: 'httpPutFormContentFilter' to: [/*]
2019-03-07 17:02:35.668 INFO [localhost-startStop-1]o.s.boot.web.servlet.FilterRegistrationBean.configure:258 -Mapping filter: 'requestContextFilter' to: [/*]
2019-03-07 17:02:35.890 INFO [main]o.s.w.s.m.method.annotation.RequestMappingHandlerAdapter.initControllerAdviceCache:534 -Looking for @ControllerAdvice: org.springframework.boot.context.embedded.AnnotationConfigEmbeddedWebApplicationContext@55a561cf: startup date [Thu Mar 07 17:02:34 CST 2019]; root of context hierarchy
2019-03-07 17:02:35.923 INFO [main]o.s.w.s.m.method.annotation.RequestMappingHandlerMapping.register:543 -Mapped "{[/user1/kill]}" onto public void com.qn.controller.RestUserController.killProcess()
2019-03-07 17:02:35.924 INFO [main]o.s.w.s.m.method.annotation.RequestMappingHandlerMapping.register:543 -Mapped "{[/user1/{id}]}" onto public com.qn.model.User com.qn.controller.RestUserController.getUser(java.lang.Integer)
2019-03-07 17:02:35.924 INFO [main]o.s.w.s.m.method.annotation.RequestMappingHandlerMapping.register:543 -Mapped "{[/user1/list]}" onto public java.util.List<com.qn.model.User> com.qn.controller.RestUserController.listUser()
2019-03-07 17:02:35.925 INFO [main]o.s.w.s.m.method.annotation.RequestMappingHandlerMapping.register:543 -Mapped "{[/user3/{id}]}" onto public java.lang.String com.qn.controller.UserController.getUser(java.lang.Integer,org.springframework.ui.Model)
2019-03-07 17:02:35.925 INFO [main]o.s.w.s.m.method.annotation.RequestMappingHandlerMapping.register:543 -Mapped "{[/user3/list]}" onto public java.lang.Object com.qn.controller.UserController.listUser(org.springframework.ui.Model)
2019-03-07 17:02:35.927 INFO [main]o.s.w.s.m.method.annotation.RequestMappingHandlerMapping.register:543 -Mapped "{[/error]}" onto public org.springframework.http.ResponseEntity<java.util.Map<java.lang.String, java.lang.Object>> org.springframework.boot.autoconfigure.web.BasicErrorController.error(javax.servlet.http.HttpServletRequest)
2019-03-07 17:02:35.928 INFO [main]o.s.w.s.m.method.annotation.RequestMappingHandlerMapping.register:543 -Mapped "{[/error],produces=[text/html]}" onto public org.springframework.web.servlet.ModelAndView org.springframework.boot.autoconfigure.web.BasicErrorController.errorHtml(javax.servlet.http.HttpServletRequest,javax.servlet.http.HttpServletResponse)
2019-03-07 17:02:35.946 INFO [main]o.s.web.servlet.handler.SimpleUrlHandlerMapping.registerHandler:362 -Mapped URL path [/webjars/**] onto handler of type [class org.springframework.web.servlet.resource.ResourceHttpRequestHandler]
2019-03-07 17:02:35.946 INFO [main]o.s.web.servlet.handler.SimpleUrlHandlerMapping.registerHandler:362 -Mapped URL path [/**] onto handler of type [class org.springframework.web.servlet.resource.ResourceHttpRequestHandler]
2019-03-07 17:02:35.967 INFO [main]o.s.web.servlet.handler.SimpleUrlHandlerMapping.registerHandler:362 -Mapped URL path [/**/favicon.ico] onto handler of type [class org.springframework.web.servlet.resource.ResourceHttpRequestHandler]
2019-03-07 17:02:36.213 INFO [main]o.s.jmx.export.annotation.AnnotationMBeanExporter.afterSingletonsInstantiated:431 -Registering beans for JMX exposure on startup
2019-03-07 17:02:36.223 INFO [main]o.s.s.annotation.ScheduledAnnotationBeanPostProcessor.finishRegistration:267 -No TaskScheduler/ScheduledExecutorService bean found for scheduled processing
2019-03-07 17:02:36.230 INFO [main]org.apache.coyote.http11.Http11NioProtocol.log:179 -Initializing ProtocolHandler ["http-nio-8080"]
2019-03-07 17:02:36.235 INFO [main]org.apache.coyote.http11.Http11NioProtocol.log:179 -Starting ProtocolHandler ["http-nio-8080"]
2019-03-07 17:02:36.257 INFO [main]org.apache.tomcat.util.net.NioSelectorPool.log:179 -Using a shared selector for servlet write/read
2019-03-07 17:02:36.267 INFO [main]o.s.b.c.embedded.tomcat.TomcatEmbeddedServletContainer.start:201 -Tomcat started on port(s): 8080 (http)
2019-03-07 17:02:36.271 INFO [main]com.qn.SpringBootWebApplication.logStarted:57 -Started SpringBootWebApplication in 2.122 seconds (JVM running for 2.546)
2019-03-07 17:06:08.644 INFO [Thread-7]o.s.b.c.e.AnnotationConfigEmbeddedWebApplicationContext.doClose:984 -Closing org.springframework.boot.context.embedded.AnnotationConfigEmbeddedWebApplicationContext@55a561cf: startup date [Thu Mar 07 17:02:34 CST 2019]; root of context hierarchy
2019-03-07 17:06:08.646 INFO [Thread-7]o.s.jmx.export.annotation.AnnotationMBeanExporter.destroy:449 -Unregistering JMX-exposed beans on shutdown
2019-03-07 17:06:11.535 INFO [main]com.qn.SpringBootWebApplication.logStarting:48 -Starting SpringBootWebApplication on yoky.local with PID 4382 (/Users/tsningning/IdeaProjects/Spring-boot-web/target/classes started by youq in /Users/tsningning/IdeaProjects/Spring-boot-web)
2019-03-07 17:06:11.537 INFO [main]com.qn.SpringBootWebApplication.logStartupProfileInfo:593 -No active profile set, falling back to default profiles: default
2019-03-07 17:06:11.660 INFO [background-preinit]org.hibernate.validator.internal.util.Version.<clinit>:30 -HV000001: Hibernate Validator 5.3.6.Final
2019-03-07 17:06:11.707 INFO [main]o.s.b.c.e.AnnotationConfigEmbeddedWebApplicationContext.prepareRefresh:583 -Refreshing org.springframework.boot.context.embedded.AnnotationConfigEmbeddedWebApplicationContext@55a561cf: startup date [Thu Mar 07 17:06:11 CST 2019]; root of context hierarchy
2019-03-07 17:06:12.607 INFO [main]o.s.b.c.embedded.tomcat.TomcatEmbeddedServletContainer.initialize:89 -Tomcat initialized with port(s): 8080 (http)
2019-03-07 17:06:12.614 INFO [main]org.apache.catalina.core.StandardService.log:179 -Starting service [Tomcat]
2019-03-07 17:06:12.615 INFO [main]org.apache.catalina.core.StandardEngine.log:179 -Starting Servlet Engine: Apache Tomcat/8.5.23
2019-03-07 17:06:12.668 INFO [localhost-startStop-1]o.a.catalina.core.ContainerBase.[Tomcat].[localhost].[/].log:179 -Initializing Spring embedded WebApplicationContext
2019-03-07 17:06:12.668 INFO [localhost-startStop-1]org.springframework.web.context.ContextLoader.prepareEmbeddedWebApplicationContext:276 -Root WebApplicationContext: initialization completed in 961 ms
2019-03-07 17:06:12.754 INFO [localhost-startStop-1]o.s.boot.web.servlet.ServletRegistrationBean.onStartup:190 -Mapping servlet: 'dispatcherServlet' to [/]
2019-03-07 17:06:12.757 INFO [localhost-startStop-1]o.s.boot.web.servlet.FilterRegistrationBean.configure:258 -Mapping filter: 'characterEncodingFilter' to: [/*]
2019-03-07 17:06:12.758 INFO [localhost-startStop-1]o.s.boot.web.servlet.FilterRegistrationBean.configure:258 -Mapping filter: 'hiddenHttpMethodFilter' to: [/*]
2019-03-07 17:06:12.758 INFO [localhost-startStop-1]o.s.boot.web.servlet.FilterRegistrationBean.configure:258 -Mapping filter: 'httpPutFormContentFilter' to: [/*]
2019-03-07 17:06:12.758 INFO [localhost-startStop-1]o.s.boot.web.servlet.FilterRegistrationBean.configure:258 -Mapping filter: 'requestContextFilter' to: [/*]
2019-03-07 17:06:12.963 INFO [main]o.s.w.s.m.method.annotation.RequestMappingHandlerAdapter.initControllerAdviceCache:534 -Looking for @ControllerAdvice: org.springframework.boot.context.embedded.AnnotationConfigEmbeddedWebApplicationContext@55a561cf: startup date [Thu Mar 07 17:06:11 CST 2019]; root of context hierarchy
2019-03-07 17:06:13.004 INFO [main]o.s.w.s.m.method.annotation.RequestMappingHandlerMapping.register:543 -Mapped "{[/user1/kill]}" onto public void com.qn.controller.RestUserController.killProcess()
2019-03-07 17:06:13.005 INFO [main]o.s.w.s.m.method.annotation.RequestMappingHandlerMapping.register:543 -Mapped "{[/user1/list]}" onto public java.util.List<com.qn.model.User> com.qn.controller.RestUserController.listUser()
2019-03-07 17:06:13.006 INFO [main]o.s.w.s.m.method.annotation.RequestMappingHandlerMapping.register:543 -Mapped "{[/user1/{id}]}" onto public com.qn.model.User com.qn.controller.RestUserController.getUser(java.lang.Integer)
2019-03-07 17:06:13.007 INFO [main]o.s.w.s.m.method.annotation.RequestMappingHandlerMapping.register:543 -Mapped "{[/user3/list]}" onto public java.lang.Object com.qn.controller.UserController.listUser(org.springframework.ui.Model)
2019-03-07 17:06:13.007 INFO [main]o.s.w.s.m.method.annotation.RequestMappingHandlerMapping.register:543 -Mapped "{[/user3/{id}]}" onto public java.lang.String com.qn.controller.UserController.getUser(java.lang.Integer,org.springframework.ui.Model)
2019-03-07 17:06:13.010 INFO [main]o.s.w.s.m.method.annotation.RequestMappingHandlerMapping.register:543 -Mapped "{[/error]}" onto public org.springframework.http.ResponseEntity<java.util.Map<java.lang.String, java.lang.Object>> org.springframework.boot.autoconfigure.web.BasicErrorController.error(javax.servlet.http.HttpServletRequest)
2019-03-07 17:06:13.010 INFO [main]o.s.w.s.m.method.annotation.RequestMappingHandlerMapping.register:543 -Mapped "{[/error],produces=[text/html]}" onto public org.springframework.web.servlet.ModelAndView org.springframework.boot.autoconfigure.web.BasicErrorController.errorHtml(javax.servlet.http.HttpServletRequest,javax.servlet.http.HttpServletResponse)
2019-03-07 17:06:13.041 INFO [main]o.s.web.servlet.handler.SimpleUrlHandlerMapping.registerHandler:362 -Mapped URL path [/webjars/**] onto handler of type [class org.springframework.web.servlet.resource.ResourceHttpRequestHandler]
2019-03-07 17:06:13.041 INFO [main]o.s.web.servlet.handler.SimpleUrlHandlerMapping.registerHandler:362 -Mapped URL path [/**] onto handler of type [class org.springframework.web.servlet.resource.ResourceHttpRequestHandler]
2019-03-07 17:06:13.064 INFO [main]o.s.web.servlet.handler.SimpleUrlHandlerMapping.registerHandler:362 -Mapped URL path [/**/favicon.ico] onto handler of type [class org.springframework.web.servlet.resource.ResourceHttpRequestHandler]
2019-03-07 17:06:13.298 INFO [main]o.s.jmx.export.annotation.AnnotationMBeanExporter.afterSingletonsInstantiated:431 -Registering beans for JMX exposure on startup
2019-03-07 17:06:13.308 INFO [main]o.s.s.annotation.ScheduledAnnotationBeanPostProcessor.finishRegistration:267 -No TaskScheduler/ScheduledExecutorService bean found for scheduled processing
2019-03-07 17:06:13.315 INFO [main]org.apache.coyote.http11.Http11NioProtocol.log:179 -Initializing ProtocolHandler ["http-nio-8080"]
2019-03-07 17:06:13.320 INFO [main]org.apache.coyote.http11.Http11NioProtocol.log:179 -Starting ProtocolHandler ["http-nio-8080"]
2019-03-07 17:06:13.342 INFO [main]org.apache.tomcat.util.net.NioSelectorPool.log:179 -Using a shared selector for servlet write/read
2019-03-07 17:06:13.352 INFO [main]o.s.b.c.embedded.tomcat.TomcatEmbeddedServletContainer.start:201 -Tomcat started on port(s): 8080 (http)
2019-03-07 17:06:13.356 INFO [main]com.qn.SpringBootWebApplication.logStarted:57 -Started SpringBootWebApplication in 2.112 seconds (JVM running for 2.511)
2019-03-07 17:07:02.708 INFO [Thread-7]o.s.b.c.e.AnnotationConfigEmbeddedWebApplicationContext.doClose:984 -Closing org.springframework.boot.context.embedded.AnnotationConfigEmbeddedWebApplicationContext@55a561cf: startup date [Thu Mar 07 17:06:11 CST 2019]; root of context hierarchy
2019-03-07 17:07:02.709 INFO [Thread-7]o.s.jmx.export.annotation.AnnotationMBeanExporter.destroy:449 -Unregistering JMX-exposed beans on shutdown
2019-03-07 17:07:43.949 INFO [main]com.qn.SpringBootWebApplication.logStarting:48 -Starting SpringBootWebApplication on yoky.local with PID 4390 (/Users/tsningning/IdeaProjects/Spring-boot-web/target/classes started by youq in /Users/tsningning/IdeaProjects/Spring-boot-web)
2019-03-07 17:07:43.951 INFO [main]com.qn.SpringBootWebApplication.logStartupProfileInfo:593 -No active profile set, falling back to default profiles: default
2019-03-07 17:07:44.059 INFO [background-preinit]org.hibernate.validator.internal.util.Version.<clinit>:30 -HV000001: Hibernate Validator 5.3.6.Final
2019-03-07 17:07:44.104 INFO [main]o.s.b.c.e.AnnotationConfigEmbeddedWebApplicationContext.prepareRefresh:583 -Refreshing org.springframework.boot.context.embedded.AnnotationConfigEmbeddedWebApplicationContext@55a561cf: startup date [Thu Mar 07 17:07:44 CST 2019]; root of context hierarchy
2019-03-07 17:07:44.929 INFO [main]o.s.b.c.embedded.tomcat.TomcatEmbeddedServletContainer.initialize:89 -Tomcat initialized with port(s): 8080 (http)
2019-03-07 17:07:44.936 INFO [main]org.apache.catalina.core.StandardService.log:179 -Starting service [Tomcat]
2019-03-07 17:07:44.937 INFO [main]org.apache.catalina.core.StandardEngine.log:179 -Starting Servlet Engine: Apache Tomcat/8.5.23
2019-03-07 17:07:44.993 INFO [localhost-startStop-1]o.a.catalina.core.ContainerBase.[Tomcat].[localhost].[/].log:179 -Initializing Spring embedded WebApplicationContext
2019-03-07 17:07:44.994 INFO [localhost-startStop-1]org.springframework.web.context.ContextLoader.prepareEmbeddedWebApplicationContext:276 -Root WebApplicationContext: initialization completed in 890 ms
2019-03-07 17:07:45.090 INFO [localhost-startStop-1]o.s.boot.web.servlet.ServletRegistrationBean.onStartup:190 -Mapping servlet: 'dispatcherServlet' to [/]
2019-03-07 17:07:45.093 INFO [localhost-startStop-1]o.s.boot.web.servlet.FilterRegistrationBean.configure:258 -Mapping filter: 'characterEncodingFilter' to: [/*]
2019-03-07 17:07:45.094 INFO [localhost-startStop-1]o.s.boot.web.servlet.FilterRegistrationBean.configure:258 -Mapping filter: 'hiddenHttpMethodFilter' to: [/*]
2019-03-07 17:07:45.094 INFO [localhost-startStop-1]o.s.boot.web.servlet.FilterRegistrationBean.configure:258 -Mapping filter: 'httpPutFormContentFilter' to: [/*]
2019-03-07 17:07:45.095 INFO [localhost-startStop-1]o.s.boot.web.servlet.FilterRegistrationBean.configure:258 -Mapping filter: 'requestContextFilter' to: [/*]
2019-03-07 17:07:45.323 INFO [main]o.s.w.s.m.method.annotation.RequestMappingHandlerAdapter.initControllerAdviceCache:534 -Looking for @ControllerAdvice: org.springframework.boot.context.embedded.AnnotationConfigEmbeddedWebApplicationContext@55a561cf: startup date [Thu Mar 07 17:07:44 CST 2019]; root of context hierarchy
2019-03-07 17:07:45.358 INFO [main]o.s.w.s.m.method.annotation.RequestMappingHandlerMapping.register:543 -Mapped "{[/user1/{id}]}" onto public com.qn.model.User com.qn.controller.RestUserController.getUser(java.lang.Integer)
2019-03-07 17:07:45.358 INFO [main]o.s.w.s.m.method.annotation.RequestMappingHandlerMapping.register:543 -Mapped "{[/user1/list]}" onto public java.util.List<com.qn.model.User> com.qn.controller.RestUserController.listUser()
2019-03-07 17:07:45.359 INFO [main]o.s.w.s.m.method.annotation.RequestMappingHandlerMapping.register:543 -Mapped "{[/user1/kill]}" onto public void com.qn.controller.RestUserController.killProcess()
2019-03-07 17:07:45.359 INFO [main]o.s.w.s.m.method.annotation.RequestMappingHandlerMapping.register:543 -Mapped "{[/user3/{id}]}" onto public java.lang.String com.qn.controller.UserController.getUser(java.lang.Integer,org.springframework.ui.Model)
2019-03-07 17:07:45.360 INFO [main]o.s.w.s.m.method.annotation.RequestMappingHandlerMapping.register:543 -Mapped "{[/user3/list]}" onto public java.lang.Object com.qn.controller.UserController.listUser(org.springframework.ui.Model)
2019-03-07 17:07:45.361 INFO [main]o.s.w.s.m.method.annotation.RequestMappingHandlerMapping.register:543 -Mapped "{[/error]}" onto public org.springframework.http.ResponseEntity<java.util.Map<java.lang.String, java.lang.Object>> org.springframework.boot.autoconfigure.web.BasicErrorController.error(javax.servlet.http.HttpServletRequest)
2019-03-07 17:07:45.362 INFO [main]o.s.w.s.m.method.annotation.RequestMappingHandlerMapping.register:543 -Mapped "{[/error],produces=[text/html]}" onto public org.springframework.web.servlet.ModelAndView org.springframework.boot.autoconfigure.web.BasicErrorController.errorHtml(javax.servlet.http.HttpServletRequest,javax.servlet.http.HttpServletResponse)
2019-03-07 17:07:45.381 INFO [main]o.s.web.servlet.handler.SimpleUrlHandlerMapping.registerHandler:362 -Mapped URL path [/webjars/**] onto handler of type [class org.springframework.web.servlet.resource.ResourceHttpRequestHandler]
2019-03-07 17:07:45.381 INFO [main]o.s.web.servlet.handler.SimpleUrlHandlerMapping.registerHandler:362 -Mapped URL path [/**] onto handler of type [class org.springframework.web.servlet.resource.ResourceHttpRequestHandler]
2019-03-07 17:07:45.404 INFO [main]o.s.web.servlet.handler.SimpleUrlHandlerMapping.registerHandler:362 -Mapped URL path [/**/favicon.ico] onto handler of type [class org.springframework.web.servlet.resource.ResourceHttpRequestHandler]
2019-03-07 17:07:45.639 INFO [main]o.s.jmx.export.annotation.AnnotationMBeanExporter.afterSingletonsInstantiated:431 -Registering beans for JMX exposure on startup
2019-03-07 17:07:45.649 INFO [main]o.s.s.annotation.ScheduledAnnotationBeanPostProcessor.finishRegistration:267 -No TaskScheduler/ScheduledExecutorService bean found for scheduled processing
2019-03-07 17:07:45.656 INFO [main]org.apache.coyote.http11.Http11NioProtocol.log:179 -Initializing ProtocolHandler ["http-nio-8080"]
2019-03-07 17:07:45.661 INFO [main]org.apache.coyote.http11.Http11NioProtocol.log:179 -Starting ProtocolHandler ["http-nio-8080"]
2019-03-07 17:07:45.682 INFO [main]org.apache.tomcat.util.net.NioSelectorPool.log:179 -Using a shared selector for servlet write/read
2019-03-07 17:07:45.692 INFO [main]o.s.b.c.embedded.tomcat.TomcatEmbeddedServletContainer.start:201 -Tomcat started on port(s): 8080 (http)
2019-03-07 17:07:45.696 INFO [main]com.qn.SpringBootWebApplication.logStarted:57 -Started SpringBootWebApplication in 2.011 seconds (JVM running for 2.404)
2019-03-07 17:07:50.804 INFO [Thread-7]o.s.b.c.e.AnnotationConfigEmbeddedWebApplicationContext.doClose:984 -Closing org.springframework.boot.context.embedded.AnnotationConfigEmbeddedWebApplicationContext@55a561cf: startup date [Thu Mar 07 17:07:44 CST 2019]; root of context hierarchy
2019-03-07 17:07:50.809 INFO [Thread-7]o.s.jmx.export.annotation.AnnotationMBeanExporter.destroy:449 -Unregistering JMX-exposed beans on shutdown
2019-03-07 17:08:14.349 INFO [main]com.qn.SpringBootWebApplication.logStarting:48 -Starting SpringBootWebApplication on yoky.local with PID 4394 (/Users/tsningning/IdeaProjects/Spring-boot-web/target/classes started by youq in /Users/tsningning/IdeaProjects/Spring-boot-web)
2019-03-07 17:08:14.352 INFO [main]com.qn.SpringBootWebApplication.logStartupProfileInfo:593 -No active profile set, falling back to default profiles: default
2019-03-07 17:08:14.499 INFO [background-preinit]org.hibernate.validator.internal.util.Version.<clinit>:30 -HV000001: Hibernate Validator 5.3.6.Final
2019-03-07 17:08:14.514 INFO [main]o.s.b.c.e.AnnotationConfigEmbeddedWebApplicationContext.prepareRefresh:583 -Refreshing org.springframework.boot.context.embedded.AnnotationConfigEmbeddedWebApplicationContext@55a561cf: startup date [Thu Mar 07 17:08:14 CST 2019]; root of context hierarchy
2019-03-07 17:08:15.362 INFO [main]o.s.b.c.embedded.tomcat.TomcatEmbeddedServletContainer.initialize:89 -Tomcat initialized with port(s): 8080 (http)
2019-03-07 17:08:15.370 INFO [main]org.apache.catalina.core.StandardService.log:179 -Starting service [Tomcat]
2019-03-07 17:08:15.371 INFO [main]org.apache.catalina.core.StandardEngine.log:179 -Starting Servlet Engine: Apache Tomcat/8.5.23
2019-03-07 17:08:15.419 INFO [localhost-startStop-1]o.a.catalina.core.ContainerBase.[Tomcat].[localhost].[/].log:179 -Initializing Spring embedded WebApplicationContext
2019-03-07 17:08:15.419 INFO [localhost-startStop-1]org.springframework.web.context.ContextLoader.prepareEmbeddedWebApplicationContext:276 -Root WebApplicationContext: initialization completed in 905 ms
2019-03-07 17:08:15.503 INFO [localhost-startStop-1]o.s.boot.web.servlet.ServletRegistrationBean.onStartup:190 -Mapping servlet: 'dispatcherServlet' to [/]
2019-03-07 17:08:15.506 INFO [localhost-startStop-1]o.s.boot.web.servlet.FilterRegistrationBean.configure:258 -Mapping filter: 'characterEncodingFilter' to: [/*]
2019-03-07 17:08:15.507 INFO [localhost-startStop-1]o.s.boot.web.servlet.FilterRegistrationBean.configure:258 -Mapping filter: 'hiddenHttpMethodFilter' to: [/*]
2019-03-07 17:08:15.507 INFO [localhost-startStop-1]o.s.boot.web.servlet.FilterRegistrationBean.configure:258 -Mapping filter: 'httpPutFormContentFilter' to: [/*]
2019-03-07 17:08:15.507 INFO [localhost-startStop-1]o.s.boot.web.servlet.FilterRegistrationBean.configure:258 -Mapping filter: 'requestContextFilter' to: [/*]
2019-03-07 17:08:15.708 INFO [main]o.s.w.s.m.method.annotation.RequestMappingHandlerAdapter.initControllerAdviceCache:534 -Looking for @ControllerAdvice: org.springframework.boot.context.embedded.AnnotationConfigEmbeddedWebApplicationContext@55a561cf: startup date [Thu Mar 07 17:08:14 CST 2019]; root of context hierarchy
2019-03-07 17:08:15.745 INFO [main]o.s.w.s.m.method.annotation.RequestMappingHandlerMapping.register:543 -Mapped "{[/user1/{id}]}" onto public com.qn.model.User com.qn.controller.RestUserController.getUser(java.lang.Integer)
2019-03-07 17:08:15.746 INFO [main]o.s.w.s.m.method.annotation.RequestMappingHandlerMapping.register:543 -Mapped "{[/user1/list]}" onto public java.util.List<com.qn.model.User> com.qn.controller.RestUserController.listUser()
2019-03-07 17:08:15.746 INFO [main]o.s.w.s.m.method.annotation.RequestMappingHandlerMapping.register:543 -Mapped "{[/user1/kill]}" onto public void com.qn.controller.RestUserController.killProcess()
2019-03-07 17:08:15.747 INFO [main]o.s.w.s.m.method.annotation.RequestMappingHandlerMapping.register:543 -Mapped "{[/user3/{id}]}" onto public java.lang.String com.qn.controller.UserController.getUser(java.lang.Integer,org.springframework.ui.Model)
2019-03-07 17:08:15.748 INFO [main]o.s.w.s.m.method.annotation.RequestMappingHandlerMapping.register:543 -Mapped "{[/user3/list]}" onto public java.lang.Object com.qn.controller.UserController.listUser(org.springframework.ui.Model)
2019-03-07 17:08:15.750 INFO [main]o.s.w.s.m.method.annotation.RequestMappingHandlerMapping.register:543 -Mapped "{[/error]}" onto public org.springframework.http.ResponseEntity<java.util.Map<java.lang.String, java.lang.Object>> org.springframework.boot.autoconfigure.web.BasicErrorController.error(javax.servlet.http.HttpServletRequest)
2019-03-07 17:08:15.750 INFO [main]o.s.w.s.m.method.annotation.RequestMappingHandlerMapping.register:543 -Mapped "{[/error],produces=[text/html]}" onto public org.springframework.web.servlet.ModelAndView org.springframework.boot.autoconfigure.web.BasicErrorController.errorHtml(javax.servlet.http.HttpServletRequest,javax.servlet.http.HttpServletResponse)
2019-03-07 17:08:15.783 INFO [main]o.s.web.servlet.handler.SimpleUrlHandlerMapping.registerHandler:362 -Mapped URL path [/webjars/**] onto handler of type [class org.springframework.web.servlet.resource.ResourceHttpRequestHandler]
2019-03-07 17:08:15.784 INFO [main]o.s.web.servlet.handler.SimpleUrlHandlerMapping.registerHandler:362 -Mapped URL path [/**] onto handler of type [class org.springframework.web.servlet.resource.ResourceHttpRequestHandler]
2019-03-07 17:08:15.806 INFO [main]o.s.web.servlet.handler.SimpleUrlHandlerMapping.registerHandler:362 -Mapped URL path [/**/favicon.ico] onto handler of type [class org.springframework.web.servlet.resource.ResourceHttpRequestHandler]
2019-03-07 17:08:16.043 INFO [main]o.s.jmx.export.annotation.AnnotationMBeanExporter.afterSingletonsInstantiated:431 -Registering beans for JMX exposure on startup
2019-03-07 17:08:16.052 INFO [main]o.s.s.annotation.ScheduledAnnotationBeanPostProcessor.finishRegistration:267 -No TaskScheduler/ScheduledExecutorService bean found for scheduled processing
2019-03-07 17:08:16.058 INFO [main]org.apache.coyote.http11.Http11NioProtocol.log:179 -Initializing ProtocolHandler ["http-nio-8080"]
2019-03-07 17:08:16.064 INFO [main]org.apache.coyote.http11.Http11NioProtocol.log:179 -Starting ProtocolHandler ["http-nio-8080"]
2019-03-07 17:08:16.085 INFO [main]org.apache.tomcat.util.net.NioSelectorPool.log:179 -Using a shared selector for servlet write/read
2019-03-07 17:08:16.095 INFO [main]o.s.b.c.embedded.tomcat.TomcatEmbeddedServletContainer.start:201 -Tomcat started on port(s): 8080 (http)
2019-03-07 17:08:16.099 INFO [main]com.qn.SpringBootWebApplication.logStarted:57 -Started SpringBootWebApplication in 2.025 seconds (JVM running for 2.448)
2019-03-07 17:08:43.729 INFO [Thread-7]o.s.b.c.e.AnnotationConfigEmbeddedWebApplicationContext.doClose:984 -Closing org.springframework.boot.context.embedded.AnnotationConfigEmbeddedWebApplicationContext@55a561cf: startup date [Thu Mar 07 17:08:14 CST 2019]; root of context hierarchy
2019-03-07 17:08:43.731 INFO [Thread-7]o.s.jmx.export.annotation.AnnotationMBeanExporter.destroy:449 -Unregistering JMX-exposed beans on shutdown
2019-03-07 17:39:49.215 INFO [background-preinit]org.hibernate.validator.internal.util.Version.<clinit>:30 -HV000001: Hibernate Validator 5.3.6.Final
2019-03-07 17:39:49.234 INFO [main]com.qn.SpringBootWebApplication.logStarting:48 -Starting SpringBootWebApplication on yoky.local with PID 4586 (/Users/tsningning/IdeaProjects/Spring-boot-web/target/classes started by youq in /Users/tsningning/IdeaProjects/Spring-boot-web)
2019-03-07 17:39:49.234 INFO [main]com.qn.SpringBootWebApplication.logStartupProfileInfo:593 -No active profile set, falling back to default profiles: default
2019-03-07 17:39:49.430 INFO [main]o.s.b.c.e.AnnotationConfigEmbeddedWebApplicationContext.prepareRefresh:583 -Refreshing org.springframework.boot.context.embedded.AnnotationConfigEmbeddedWebApplicationContext@55a561cf: startup date [Thu Mar 07 17:39:49 CST 2019]; root of context hierarchy
2019-03-07 17:39:50.208 INFO [main]o.s.b.c.embedded.tomcat.TomcatEmbeddedServletContainer.initialize:89 -Tomcat initialized with port(s): 8080 (http)
2019-03-07 17:39:50.215 INFO [main]org.apache.catalina.core.StandardService.log:179 -Starting service [Tomcat]
2019-03-07 17:39:50.216 INFO [main]org.apache.catalina.core.StandardEngine.log:179 -Starting Servlet Engine: Apache Tomcat/8.5.23
2019-03-07 17:39:50.275 INFO [localhost-startStop-1]o.a.catalina.core.ContainerBase.[Tomcat].[localhost].[/].log:179 -Initializing Spring embedded WebApplicationContext
2019-03-07 17:39:50.275 INFO [localhost-startStop-1]org.springframework.web.context.ContextLoader.prepareEmbeddedWebApplicationContext:276 -Root WebApplicationContext: initialization completed in 845 ms
2019-03-07 17:39:50.376 INFO [localhost-startStop-1]o.s.boot.web.servlet.ServletRegistrationBean.onStartup:190 -Mapping servlet: 'dispatcherServlet' to [/]
2019-03-07 17:39:50.380 INFO [localhost-startStop-1]o.s.boot.web.servlet.FilterRegistrationBean.configure:258 -Mapping filter: 'characterEncodingFilter' to: [/*]
2019-03-07 17:39:50.380 INFO [localhost-startStop-1]o.s.boot.web.servlet.FilterRegistrationBean.configure:258 -Mapping filter: 'hiddenHttpMethodFilter' to: [/*]
2019-03-07 17:39:50.381 INFO [localhost-startStop-1]o.s.boot.web.servlet.FilterRegistrationBean.configure:258 -Mapping filter: 'httpPutFormContentFilter' to: [/*]
2019-03-07 17:39:50.381 INFO [localhost-startStop-1]o.s.boot.web.servlet.FilterRegistrationBean.configure:258 -Mapping filter: 'requestContextFilter' to: [/*]
2019-03-07 17:39:50.605 INFO [main]o.s.w.s.m.method.annotation.RequestMappingHandlerAdapter.initControllerAdviceCache:534 -Looking for @ControllerAdvice: org.springframework.boot.context.embedded.AnnotationConfigEmbeddedWebApplicationContext@55a561cf: startup date [Thu Mar 07 17:39:49 CST 2019]; root of context hierarchy
2019-03-07 17:39:50.640 INFO [main]o.s.w.s.m.method.annotation.RequestMappingHandlerMapping.register:543 -Mapped "{[/user1/list]}" onto public java.util.List<com.qn.model.User> com.qn.controller.RestUserController.listUser()
2019-03-07 17:39:50.641 INFO [main]o.s.w.s.m.method.annotation.RequestMappingHandlerMapping.register:543 -Mapped "{[/user1/{id}]}" onto public com.qn.model.User com.qn.controller.RestUserController.getUser(java.lang.Integer)
2019-03-07 17:39:50.642 INFO [main]o.s.w.s.m.method.annotation.RequestMappingHandlerMapping.register:543 -Mapped "{[/user1/kill]}" onto public void com.qn.controller.RestUserController.killProcess()
2019-03-07 17:39:50.642 INFO [main]o.s.w.s.m.method.annotation.RequestMappingHandlerMapping.register:543 -Mapped "{[/user3/list]}" onto public java.lang.Object com.qn.controller.UserController.listUser(org.springframework.ui.Model)
2019-03-07 17:39:50.643 INFO [main]o.s.w.s.m.method.annotation.RequestMappingHandlerMapping.register:543 -Mapped "{[/user3/{id}]}" onto public java.lang.String com.qn.controller.UserController.getUser(java.lang.Integer,org.springframework.ui.Model)
2019-03-07 17:39:50.644 INFO [main]o.s.w.s.m.method.annotation.RequestMappingHandlerMapping.register:543 -Mapped "{[/error]}" onto public org.springframework.http.ResponseEntity<java.util.Map<java.lang.String, java.lang.Object>> org.springframework.boot.autoconfigure.web.BasicErrorController.error(javax.servlet.http.HttpServletRequest)
2019-03-07 17:39:50.645 INFO [main]o.s.w.s.m.method.annotation.RequestMappingHandlerMapping.register:543 -Mapped "{[/error],produces=[text/html]}" onto public org.springframework.web.servlet.ModelAndView org.springframework.boot.autoconfigure.web.BasicErrorController.errorHtml(javax.servlet.http.HttpServletRequest,javax.servlet.http.HttpServletResponse)
2019-03-07 17:39:50.663 INFO [main]o.s.web.servlet.handler.SimpleUrlHandlerMapping.registerHandler:362 -Mapped URL path [/webjars/**] onto handler of type [class org.springframework.web.servlet.resource.ResourceHttpRequestHandler]
2019-03-07 17:39:50.663 INFO [main]o.s.web.servlet.handler.SimpleUrlHandlerMapping.registerHandler:362 -Mapped URL path [/**] onto handler of type [class org.springframework.web.servlet.resource.ResourceHttpRequestHandler]
2019-03-07 17:39:50.685 INFO [main]o.s.web.servlet.handler.SimpleUrlHandlerMapping.registerHandler:362 -Mapped URL path [/**/favicon.ico] onto handler of type [class org.springframework.web.servlet.resource.ResourceHttpRequestHandler]
2019-03-07 17:39:50.920 INFO [main]o.s.jmx.export.annotation.AnnotationMBeanExporter.afterSingletonsInstantiated:431 -Registering beans for JMX exposure on startup
2019-03-07 17:39:50.930 INFO [main]o.s.s.annotation.ScheduledAnnotationBeanPostProcessor.finishRegistration:267 -No TaskScheduler/ScheduledExecutorService bean found for scheduled processing
2019-03-07 17:39:50.936 INFO [main]org.apache.coyote.http11.Http11NioProtocol.log:179 -Initializing ProtocolHandler ["http-nio-8080"]
2019-03-07 17:39:50.940 INFO [main]org.apache.coyote.http11.Http11NioProtocol.log:179 -Starting ProtocolHandler ["http-nio-8080"]
2019-03-07 17:39:50.963 INFO [main]org.apache.tomcat.util.net.NioSelectorPool.log:179 -Using a shared selector for servlet write/read
2019-03-07 17:39:50.972 INFO [main]o.s.b.c.embedded.tomcat.TomcatEmbeddedServletContainer.start:201 -Tomcat started on port(s): 8080 (http)
2019-03-07 17:39:50.976 INFO [main]com.qn.SpringBootWebApplication.logStarted:57 -Started SpringBootWebApplication in 2.208 seconds (JVM running for 2.629)
2019-03-07 17:40:09.032 INFO [Thread-8]o.s.b.c.e.AnnotationConfigEmbeddedWebApplicationContext.doClose:984 -Closing org.springframework.boot.context.embedded.AnnotationConfigEmbeddedWebApplicationContext@55a561cf: startup date [Thu Mar 07 17:39:49 CST 2019]; root of context hierarchy
2019-03-07 17:40:09.034 INFO [Thread-8]o.s.jmx.export.annotation.AnnotationMBeanExporter.destroy:449 -Unregistering JMX-exposed beans on shutdown
2019-03-07 17:40:24.312 INFO [main]com.qn.SpringBootWebApplication.logStarting:48 -Starting SpringBootWebApplication on yoky.local with PID 4590 (/Users/tsningning/IdeaProjects/Spring-boot-web/target/classes started by youq in /Users/tsningning/IdeaProjects/Spring-boot-web)
2019-03-07 17:40:24.316 INFO [main]com.qn.SpringBootWebApplication.logStartupProfileInfo:593 -No active profile set, falling back to default profiles: default
2019-03-07 17:40:24.439 INFO [background-preinit]org.hibernate.validator.internal.util.Version.<clinit>:30 -HV000001: Hibernate Validator 5.3.6.Final
2019-03-07 17:40:24.552 INFO [main]o.s.b.c.e.AnnotationConfigEmbeddedWebApplicationContext.prepareRefresh:583 -Refreshing org.springframework.boot.context.embedded.AnnotationConfigEmbeddedWebApplicationContext@e3b3b2f: startup date [Thu Mar 07 17:40:24 CST 2019]; root of context hierarchy
2019-03-07 17:40:25.394 INFO [main]o.s.b.c.embedded.tomcat.TomcatEmbeddedServletContainer.initialize:89 -Tomcat initialized with port(s): 8080 (http)
2019-03-07 17:40:25.401 INFO [main]org.apache.catalina.core.StandardService.log:179 -Starting service [Tomcat]
2019-03-07 17:40:25.401 INFO [main]org.apache.catalina.core.StandardEngine.log:179 -Starting Servlet Engine: Apache Tomcat/8.5.23
2019-03-07 17:40:25.456 INFO [localhost-startStop-1]o.a.catalina.core.ContainerBase.[Tomcat].[localhost].[/].log:179 -Initializing Spring embedded WebApplicationContext
2019-03-07 17:40:25.456 INFO [localhost-startStop-1]org.springframework.web.context.ContextLoader.prepareEmbeddedWebApplicationContext:276 -Root WebApplicationContext: initialization completed in 905 ms
2019-03-07 17:40:25.553 INFO [localhost-startStop-1]o.s.boot.web.servlet.ServletRegistrationBean.onStartup:190 -Mapping servlet: 'dispatcherServlet' to [/]
2019-03-07 17:40:25.556 INFO [localhost-startStop-1]o.s.boot.web.servlet.FilterRegistrationBean.configure:258 -Mapping filter: 'characterEncodingFilter' to: [/*]
2019-03-07 17:40:25.557 INFO [localhost-startStop-1]o.s.boot.web.servlet.FilterRegistrationBean.configure:258 -Mapping filter: 'hiddenHttpMethodFilter' to: [/*]
2019-03-07 17:40:25.557 INFO [localhost-startStop-1]o.s.boot.web.servlet.FilterRegistrationBean.configure:258 -Mapping filter: 'httpPutFormContentFilter' to: [/*]
2019-03-07 17:40:25.557 INFO [localhost-startStop-1]o.s.boot.web.servlet.FilterRegistrationBean.configure:258 -Mapping filter: 'requestContextFilter' to: [/*]
2019-03-07 17:40:25.810 INFO [main]o.s.w.s.m.method.annotation.RequestMappingHandlerAdapter.initControllerAdviceCache:534 -Looking for @ControllerAdvice: org.springframework.boot.context.embedded.AnnotationConfigEmbeddedWebApplicationContext@e3b3b2f: startup date [Thu Mar 07 17:40:24 CST 2019]; root of context hierarchy
2019-03-07 17:40:25.856 INFO [main]o.s.w.s.m.method.annotation.RequestMappingHandlerMapping.register:543 -Mapped "{[/user1/list]}" onto public java.util.List<com.qn.model.User> com.qn.controller.RestUserController.listUser()
2019-03-07 17:40:25.858 INFO [main]o.s.w.s.m.method.annotation.RequestMappingHandlerMapping.register:543 -Mapped "{[/user1/{id}]}" onto public com.qn.model.User com.qn.controller.RestUserController.getUser(java.lang.Integer)
2019-03-07 17:40:25.858 INFO [main]o.s.w.s.m.method.annotation.RequestMappingHandlerMapping.register:543 -Mapped "{[/user1/kill]}" onto public void com.qn.controller.RestUserController.killProcess()
2019-03-07 17:40:25.859 INFO [main]o.s.w.s.m.method.annotation.RequestMappingHandlerMapping.register:543 -Mapped "{[/user3/list]}" onto public java.lang.Object com.qn.controller.UserController.listUser(org.springframework.ui.Model)
2019-03-07 17:40:25.859 INFO [main]o.s.w.s.m.method.annotation.RequestMappingHandlerMapping.register:543 -Mapped "{[/user3/{id}]}" onto public java.lang.String com.qn.controller.UserController.getUser(java.lang.Integer,org.springframework.ui.Model)
2019-03-07 17:40:25.861 INFO [main]o.s.w.s.m.method.annotation.RequestMappingHandlerMapping.register:543 -Mapped "{[/error]}" onto public org.springframework.http.ResponseEntity<java.util.Map<java.lang.String, java.lang.Object>> org.springframework.boot.autoconfigure.web.BasicErrorController.error(javax.servlet.http.HttpServletRequest)
2019-03-07 17:40:25.862 INFO [main]o.s.w.s.m.method.annotation.RequestMappingHandlerMapping.register:543 -Mapped "{[/error],produces=[text/html]}" onto public org.springframework.web.servlet.ModelAndView org.springframework.boot.autoconfigure.web.BasicErrorController.errorHtml(javax.servlet.http.HttpServletRequest,javax.servlet.http.HttpServletResponse)
2019-03-07 17:40:25.890 INFO [main]o.s.web.servlet.handler.SimpleUrlHandlerMapping.registerHandler:362 -Mapped URL path [/webjars/**] onto handler of type [class org.springframework.web.servlet.resource.ResourceHttpRequestHandler]
2019-03-07 17:40:25.890 INFO [main]o.s.web.servlet.handler.SimpleUrlHandlerMapping.registerHandler:362 -Mapped URL path [/**] onto handler of type [class org.springframework.web.servlet.resource.ResourceHttpRequestHandler]
2019-03-07 17:40:25.927 INFO [main]o.s.web.servlet.handler.SimpleUrlHandlerMapping.registerHandler:362 -Mapped URL path [/**/favicon.ico] onto handler of type [class org.springframework.web.servlet.resource.ResourceHttpRequestHandler]
2019-03-07 17:40:26.298 INFO [main]o.s.jmx.export.annotation.AnnotationMBeanExporter.afterSingletonsInstantiated:431 -Registering beans for JMX exposure on startup
2019-03-07 17:40:26.309 INFO [main]o.s.s.annotation.ScheduledAnnotationBeanPostProcessor.finishRegistration:267 -No TaskScheduler/ScheduledExecutorService bean found for scheduled processing
2019-03-07 17:40:26.318 INFO [main]org.apache.coyote.http11.Http11NioProtocol.log:179 -Initializing ProtocolHandler ["http-nio-8080"]
2019-03-07 17:40:26.324 INFO [main]org.apache.coyote.http11.Http11NioProtocol.log:179 -Starting ProtocolHandler ["http-nio-8080"]
2019-03-07 17:40:26.341 INFO [main]org.apache.tomcat.util.net.NioSelectorPool.log:179 -Using a shared selector for servlet write/read
2019-03-07 17:40:26.353 INFO [main]o.s.b.c.embedded.tomcat.TomcatEmbeddedServletContainer.start:201 -Tomcat started on port(s): 8080 (http)
2019-03-07 17:40:26.357 INFO [main]com.qn.SpringBootWebApplication.logStarted:57 -Started SpringBootWebApplication in 2.434 seconds (JVM running for 2.931)
2019-03-07 17:40:44.129 INFO [Thread-8]o.s.b.c.e.AnnotationConfigEmbeddedWebApplicationContext.doClose:984 -Closing org.springframework.boot.context.embedded.AnnotationConfigEmbeddedWebApplicationContext@e3b3b2f: startup date [Thu Mar 07 17:40:24 CST 2019]; root of context hierarchy
2019-03-07 17:40:44.131 INFO [Thread-8]o.s.jmx.export.annotation.AnnotationMBeanExporter.destroy:449 -Unregistering JMX-exposed beans on shutdown
2019-03-07 17:40:46.488 INFO [main]com.qn.SpringBootWebApplication.logStarting:48 -Starting SpringBootWebApplication on yoky.local with PID 4595 (/Users/tsningning/IdeaProjects/Spring-boot-web/target/classes started by youq in /Users/tsningning/IdeaProjects/Spring-boot-web)
2019-03-07 17:40:46.494 INFO [main]com.qn.SpringBootWebApplication.logStartupProfileInfo:593 -No active profile set, falling back to default profiles: default
2019-03-07 17:40:46.589 INFO [background-preinit]org.hibernate.validator.internal.util.Version.<clinit>:30 -HV000001: Hibernate Validator 5.3.6.Final
2019-03-07 17:40:46.756 INFO [main]o.s.b.c.e.AnnotationConfigEmbeddedWebApplicationContext.prepareRefresh:583 -Refreshing org.springframework.boot.context.embedded.AnnotationConfigEmbeddedWebApplicationContext@55a561cf: startup date [Thu Mar 07 17:40:46 CST 2019]; root of context hierarchy
2019-03-07 17:40:47.523 INFO [main]o.s.b.c.embedded.tomcat.TomcatEmbeddedServletContainer.initialize:89 -Tomcat initialized with port(s): 8080 (http)
2019-03-07 17:40:47.530 INFO [main]org.apache.catalina.core.StandardService.log:179 -Starting service [Tomcat]
2019-03-07 17:40:47.531 INFO [main]org.apache.catalina.core.StandardEngine.log:179 -Starting Servlet Engine: Apache Tomcat/8.5.23
2019-03-07 17:40:47.580 INFO [localhost-startStop-1]o.a.catalina.core.ContainerBase.[Tomcat].[localhost].[/].log:179 -Initializing Spring embedded WebApplicationContext
2019-03-07 17:40:47.581 INFO [localhost-startStop-1]org.springframework.web.context.ContextLoader.prepareEmbeddedWebApplicationContext:276 -Root WebApplicationContext: initialization completed in 825 ms
2019-03-07 17:40:47.659 INFO [localhost-startStop-1]o.s.boot.web.servlet.ServletRegistrationBean.onStartup:190 -Mapping servlet: 'dispatcherServlet' to [/]
2019-03-07 17:40:47.661 INFO [localhost-startStop-1]o.s.boot.web.servlet.FilterRegistrationBean.configure:258 -Mapping filter: 'characterEncodingFilter' to: [/*]
2019-03-07 17:40:47.662 INFO [localhost-startStop-1]o.s.boot.web.servlet.FilterRegistrationBean.configure:258 -Mapping filter: 'hiddenHttpMethodFilter' to: [/*]
2019-03-07 17:40:47.662 INFO [localhost-startStop-1]o.s.boot.web.servlet.FilterRegistrationBean.configure:258 -Mapping filter: 'httpPutFormContentFilter' to: [/*]
2019-03-07 17:40:47.662 INFO [localhost-startStop-1]o.s.boot.web.servlet.FilterRegistrationBean.configure:258 -Mapping filter: 'requestContextFilter' to: [/*]
2019-03-07 17:40:47.863 INFO [main]o.s.w.s.m.method.annotation.RequestMappingHandlerAdapter.initControllerAdviceCache:534 -Looking for @ControllerAdvice: org.springframework.boot.context.embedded.AnnotationConfigEmbeddedWebApplicationContext@55a561cf: startup date [Thu Mar 07 17:40:46 CST 2019]; root of context hierarchy
2019-03-07 17:40:47.901 INFO [main]o.s.w.s.m.method.annotation.RequestMappingHandlerMapping.register:543 -Mapped "{[/user1/{id}]}" onto public com.qn.model.User com.qn.controller.RestUserController.getUser(java.lang.Integer)
2019-03-07 17:40:47.902 INFO [main]o.s.w.s.m.method.annotation.RequestMappingHandlerMapping.register:543 -Mapped "{[/user1/list]}" onto public java.util.List<com.qn.model.User> com.qn.controller.RestUserController.listUser()
2019-03-07 17:40:47.902 INFO [main]o.s.w.s.m.method.annotation.RequestMappingHandlerMapping.register:543 -Mapped "{[/user1/kill]}" onto public void com.qn.controller.RestUserController.killProcess()
2019-03-07 17:40:47.903 INFO [main]o.s.w.s.m.method.annotation.RequestMappingHandlerMapping.register:543 -Mapped "{[/user3/{id}]}" onto public java.lang.String com.qn.controller.UserController.getUser(java.lang.Integer,org.springframework.ui.Model)
2019-03-07 17:40:47.904 INFO [main]o.s.w.s.m.method.annotation.RequestMappingHandlerMapping.register:543 -Mapped "{[/user3/list]}" onto public java.lang.Object com.qn.controller.UserController.listUser(org.springframework.ui.Model)
2019-03-07 17:40:47.906 INFO [main]o.s.w.s.m.method.annotation.RequestMappingHandlerMapping.register:543 -Mapped "{[/error]}" onto public org.springframework.http.ResponseEntity<java.util.Map<java.lang.String, java.lang.Object>> org.springframework.boot.autoconfigure.web.BasicErrorController.error(javax.servlet.http.HttpServletRequest)
2019-03-07 17:40:47.906 INFO [main]o.s.w.s.m.method.annotation.RequestMappingHandlerMapping.register:543 -Mapped "{[/error],produces=[text/html]}" onto public org.springframework.web.servlet.ModelAndView org.springframework.boot.autoconfigure.web.BasicErrorController.errorHtml(javax.servlet.http.HttpServletRequest,javax.servlet.http.HttpServletResponse)
2019-03-07 17:40:47.929 INFO [main]o.s.web.servlet.handler.SimpleUrlHandlerMapping.registerHandler:362 -Mapped URL path [/webjars/**] onto handler of type [class org.springframework.web.servlet.resource.ResourceHttpRequestHandler]
2019-03-07 17:40:47.929 INFO [main]o.s.web.servlet.handler.SimpleUrlHandlerMapping.registerHandler:362 -Mapped URL path [/**] onto handler of type [class org.springframework.web.servlet.resource.ResourceHttpRequestHandler]
2019-03-07 17:40:47.962 INFO [main]o.s.web.servlet.handler.SimpleUrlHandlerMapping.registerHandler:362 -Mapped URL path [/**/favicon.ico] onto handler of type [class org.springframework.web.servlet.resource.ResourceHttpRequestHandler]
2019-03-07 17:40:48.194 INFO [main]o.s.jmx.export.annotation.AnnotationMBeanExporter.afterSingletonsInstantiated:431 -Registering beans for JMX exposure on startup
2019-03-07 17:40:48.204 INFO [main]o.s.s.annotation.ScheduledAnnotationBeanPostProcessor.finishRegistration:267 -No TaskScheduler/ScheduledExecutorService bean found for scheduled processing
2019-03-07 17:40:48.210 INFO [main]org.apache.coyote.http11.Http11NioProtocol.log:179 -Initializing ProtocolHandler ["http-nio-8080"]
2019-03-07 17:40:48.215 INFO [main]org.apache.coyote.http11.Http11NioProtocol.log:179 -Starting ProtocolHandler ["http-nio-8080"]
2019-03-07 17:40:48.237 INFO [main]org.apache.tomcat.util.net.NioSelectorPool.log:179 -Using a shared selector for servlet write/read
2019-03-07 17:40:48.247 INFO [main]o.s.b.c.embedded.tomcat.TomcatEmbeddedServletContainer.start:201 -Tomcat started on port(s): 8080 (http)
2019-03-07 17:40:48.251 INFO [main]com.qn.SpringBootWebApplication.logStarted:57 -Started SpringBootWebApplication in 2.099 seconds (JVM running for 2.586)
2019-03-07 17:40:54.702 INFO [Thread-7]o.s.b.c.e.AnnotationConfigEmbeddedWebApplicationContext.doClose:984 -Closing org.springframework.boot.context.embedded.AnnotationConfigEmbeddedWebApplicationContext@55a561cf: startup date [Thu Mar 07 17:40:46 CST 2019]; root of context hierarchy
2019-03-07 17:40:54.705 INFO [Thread-7]o.s.jmx.export.annotation.AnnotationMBeanExporter.destroy:449 -Unregistering JMX-exposed beans on shutdown
2019-03-07 17:41:51.863 INFO [main]com.qn.SpringBootWebApplication.logStarting:48 -Starting SpringBootWebApplication on yoky.local with PID 4603 (/Users/tsningning/IdeaProjects/Spring-boot-web/target/classes started by youq in /Users/tsningning/IdeaProjects/Spring-boot-web)
2019-03-07 17:41:51.865 INFO [main]com.qn.SpringBootWebApplication.logStartupProfileInfo:593 -No active profile set, falling back to default profiles: default
2019-03-07 17:41:51.985 INFO [background-preinit]org.hibernate.validator.internal.util.Version.<clinit>:30 -HV000001: Hibernate Validator 5.3.6.Final
2019-03-07 17:41:52.031 INFO [main]o.s.b.c.e.AnnotationConfigEmbeddedWebApplicationContext.prepareRefresh:583 -Refreshing org.springframework.boot.context.embedded.AnnotationConfigEmbeddedWebApplicationContext@55a561cf: startup date [Thu Mar 07 17:41:52 CST 2019]; root of context hierarchy
2019-03-07 17:41:52.890 INFO [main]o.s.b.c.embedded.tomcat.TomcatEmbeddedServletContainer.initialize:89 -Tomcat initialized with port(s): 8080 (http)
2019-03-07 17:41:52.898 INFO [main]org.apache.catalina.core.StandardService.log:179 -Starting service [Tomcat]
2019-03-07 17:41:52.898 INFO [main]org.apache.catalina.core.StandardEngine.log:179 -Starting Servlet Engine: Apache Tomcat/8.5.23
2019-03-07 17:41:52.956 INFO [localhost-startStop-1]o.a.catalina.core.ContainerBase.[Tomcat].[localhost].[/].log:179 -Initializing Spring embedded WebApplicationContext
2019-03-07 17:41:52.956 INFO [localhost-startStop-1]org.springframework.web.context.ContextLoader.prepareEmbeddedWebApplicationContext:276 -Root WebApplicationContext: initialization completed in 926 ms
2019-03-07 17:41:53.065 INFO [localhost-startStop-1]o.s.boot.web.servlet.ServletRegistrationBean.onStartup:190 -Mapping servlet: 'dispatcherServlet' to [/]
2019-03-07 17:41:53.068 INFO [localhost-startStop-1]o.s.boot.web.servlet.FilterRegistrationBean.configure:258 -Mapping filter: 'characterEncodingFilter' to: [/*]
2019-03-07 17:41:53.069 INFO [localhost-startStop-1]o.s.boot.web.servlet.FilterRegistrationBean.configure:258 -Mapping filter: 'hiddenHttpMethodFilter' to: [/*]
2019-03-07 17:41:53.069 INFO [localhost-startStop-1]o.s.boot.web.servlet.FilterRegistrationBean.configure:258 -Mapping filter: 'httpPutFormContentFilter' to: [/*]
2019-03-07 17:41:53.069 INFO [localhost-startStop-1]o.s.boot.web.servlet.FilterRegistrationBean.configure:258 -Mapping filter: 'requestContextFilter' to: [/*]
2019-03-07 17:41:53.303 INFO [main]o.s.w.s.m.method.annotation.RequestMappingHandlerAdapter.initControllerAdviceCache:534 -Looking for @ControllerAdvice: org.springframework.boot.context.embedded.AnnotationConfigEmbeddedWebApplicationContext@55a561cf: startup date [Thu Mar 07 17:41:52 CST 2019]; root of context hierarchy
2019-03-07 17:41:53.338 INFO [main]o.s.w.s.m.method.annotation.RequestMappingHandlerMapping.register:543 -Mapped "{[/user1/{id}]}" onto public com.qn.model.User com.qn.controller.RestUserController.getUser(java.lang.Integer)
2019-03-07 17:41:53.338 INFO [main]o.s.w.s.m.method.annotation.RequestMappingHandlerMapping.register:543 -Mapped "{[/user1/list]}" onto public java.util.List<com.qn.model.User> com.qn.controller.RestUserController.listUser()
2019-03-07 17:41:53.339 INFO [main]o.s.w.s.m.method.annotation.RequestMappingHandlerMapping.register:543 -Mapped "{[/user1/kill]}" onto public void com.qn.controller.RestUserController.killProcess()
2019-03-07 17:41:53.340 INFO [main]o.s.w.s.m.method.annotation.RequestMappingHandlerMapping.register:543 -Mapped "{[/user3/{id}]}" onto public java.lang.String com.qn.controller.UserController.getUser(java.lang.Integer,org.springframework.ui.Model)
2019-03-07 17:41:53.340 INFO [main]o.s.w.s.m.method.annotation.RequestMappingHandlerMapping.register:543 -Mapped "{[/user3/list]}" onto public java.lang.Object com.qn.controller.UserController.listUser(org.springframework.ui.Model)
2019-03-07 17:41:53.342 INFO [main]o.s.w.s.m.method.annotation.RequestMappingHandlerMapping.register:543 -Mapped "{[/error]}" onto public org.springframework.http.ResponseEntity<java.util.Map<java.lang.String, java.lang.Object>> org.springframework.boot.autoconfigure.web.BasicErrorController.error(javax.servlet.http.HttpServletRequest)
2019-03-07 17:41:53.342 INFO [main]o.s.w.s.m.method.annotation.RequestMappingHandlerMapping.register:543 -Mapped "{[/error],produces=[text/html]}" onto public org.springframework.web.servlet.ModelAndView org.springframework.boot.autoconfigure.web.BasicErrorController.errorHtml(javax.servlet.http.HttpServletRequest,javax.servlet.http.HttpServletResponse)
2019-03-07 17:41:53.360 INFO [main]o.s.web.servlet.handler.SimpleUrlHandlerMapping.registerHandler:362 -Mapped URL path [/webjars/**] onto handler of type [class org.springframework.web.servlet.resource.ResourceHttpRequestHandler]
2019-03-07 17:41:53.361 INFO [main]o.s.web.servlet.handler.SimpleUrlHandlerMapping.registerHandler:362 -Mapped URL path [/**] onto handler of type [class org.springframework.web.servlet.resource.ResourceHttpRequestHandler]
2019-03-07 17:41:53.382 INFO [main]o.s.web.servlet.handler.SimpleUrlHandlerMapping.registerHandler:362 -Mapped URL path [/**/favicon.ico] onto handler of type [class org.springframework.web.servlet.resource.ResourceHttpRequestHandler]
2019-03-07 17:41:53.624 INFO [main]o.s.jmx.export.annotation.AnnotationMBeanExporter.afterSingletonsInstantiated:431 -Registering beans for JMX exposure on startup
2019-03-07 17:41:53.633 INFO [main]o.s.s.annotation.ScheduledAnnotationBeanPostProcessor.finishRegistration:267 -No TaskScheduler/ScheduledExecutorService bean found for scheduled processing
2019-03-07 17:41:53.640 INFO [main]org.apache.coyote.http11.Http11NioProtocol.log:179 -Initializing ProtocolHandler ["http-nio-8080"]
2019-03-07 17:41:53.645 INFO [main]org.apache.coyote.http11.Http11NioProtocol.log:179 -Starting ProtocolHandler ["http-nio-8080"]
2019-03-07 17:41:53.666 INFO [main]org.apache.tomcat.util.net.NioSelectorPool.log:179 -Using a shared selector for servlet write/read
2019-03-07 17:41:53.676 INFO [main]o.s.b.c.embedded.tomcat.TomcatEmbeddedServletContainer.start:201 -Tomcat started on port(s): 8080 (http)
2019-03-07 17:41:53.680 INFO [main]com.qn.SpringBootWebApplication.logStarted:57 -Started SpringBootWebApplication in 2.084 seconds (JVM running for 2.477)
2019-03-07 17:42:22.029 INFO [Thread-7]o.s.b.c.e.AnnotationConfigEmbeddedWebApplicationContext.doClose:984 -Closing org.springframework.boot.context.embedded.AnnotationConfigEmbeddedWebApplicationContext@55a561cf: startup date [Thu Mar 07 17:41:52 CST 2019]; root of context hierarchy
2019-03-07 17:42:22.031 INFO [Thread-7]o.s.jmx.export.annotation.AnnotationMBeanExporter.destroy:449 -Unregistering JMX-exposed beans on shutdown
2019-03-07 17:42:25.136 INFO [main]com.qn.SpringBootWebApplication.logStarting:48 -Starting SpringBootWebApplication on yoky.local with PID 4608 (/Users/tsningning/IdeaProjects/Spring-boot-web/target/classes started by youq in /Users/tsningning/IdeaProjects/Spring-boot-web)
2019-03-07 17:42:25.138 INFO [main]com.qn.SpringBootWebApplication.logStartupProfileInfo:593 -No active profile set, falling back to default profiles: default
2019-03-07 17:42:25.276 INFO [background-preinit]org.hibernate.validator.internal.util.Version.<clinit>:30 -HV000001: Hibernate Validator 5.3.6.Final
2019-03-07 17:42:25.296 INFO [main]o.s.b.c.e.AnnotationConfigEmbeddedWebApplicationContext.prepareRefresh:583 -Refreshing org.springframework.boot.context.embedded.AnnotationConfigEmbeddedWebApplicationContext@55a561cf: startup date [Thu Mar 07 17:42:25 CST 2019]; root of context hierarchy
2019-03-07 17:42:26.156 INFO [main]o.s.b.c.embedded.tomcat.TomcatEmbeddedServletContainer.initialize:89 -Tomcat initialized with port(s): 8080 (http)
2019-03-07 17:42:26.163 INFO [main]org.apache.catalina.core.StandardService.log:179 -Starting service [Tomcat]
2019-03-07 17:42:26.164 INFO [main]org.apache.catalina.core.StandardEngine.log:179 -Starting Servlet Engine: Apache Tomcat/8.5.23
2019-03-07 17:42:26.221 INFO [localhost-startStop-1]o.a.catalina.core.ContainerBase.[Tomcat].[localhost].[/].log:179 -Initializing Spring embedded WebApplicationContext
2019-03-07 17:42:26.221 INFO [localhost-startStop-1]org.springframework.web.context.ContextLoader.prepareEmbeddedWebApplicationContext:276 -Root WebApplicationContext: initialization completed in 925 ms
2019-03-07 17:42:26.326 INFO [localhost-startStop-1]o.s.boot.web.servlet.ServletRegistrationBean.onStartup:190 -Mapping servlet: 'dispatcherServlet' to [/]
2019-03-07 17:42:26.329 INFO [localhost-startStop-1]o.s.boot.web.servlet.FilterRegistrationBean.configure:258 -Mapping filter: 'characterEncodingFilter' to: [/*]
2019-03-07 17:42:26.330 INFO [localhost-startStop-1]o.s.boot.web.servlet.FilterRegistrationBean.configure:258 -Mapping filter: 'hiddenHttpMethodFilter' to: [/*]
2019-03-07 17:42:26.330 INFO [localhost-startStop-1]o.s.boot.web.servlet.FilterRegistrationBean.configure:258 -Mapping filter: 'httpPutFormContentFilter' to: [/*]
2019-03-07 17:42:26.330 INFO [localhost-startStop-1]o.s.boot.web.servlet.FilterRegistrationBean.configure:258 -Mapping filter: 'requestContextFilter' to: [/*]
2019-03-07 17:42:26.572 INFO [main]o.s.w.s.m.method.annotation.RequestMappingHandlerAdapter.initControllerAdviceCache:534 -Looking for @ControllerAdvice: org.springframework.boot.context.embedded.AnnotationConfigEmbeddedWebApplicationContext@55a561cf: startup date [Thu Mar 07 17:42:25 CST 2019]; root of context hierarchy
2019-03-07 17:42:26.607 INFO [main]o.s.w.s.m.method.annotation.RequestMappingHandlerMapping.register:543 -Mapped "{[/user1/{id}]}" onto public com.qn.model.User com.qn.controller.RestUserController.getUser(java.lang.Integer)
2019-03-07 17:42:26.608 INFO [main]o.s.w.s.m.method.annotation.RequestMappingHandlerMapping.register:543 -Mapped "{[/user1/list]}" onto public java.util.List<com.qn.model.User> com.qn.controller.RestUserController.listUser()
2019-03-07 17:42:26.608 INFO [main]o.s.w.s.m.method.annotation.RequestMappingHandlerMapping.register:543 -Mapped "{[/user1/kill]}" onto public void com.qn.controller.RestUserController.killProcess()
2019-03-07 17:42:26.609 INFO [main]o.s.w.s.m.method.annotation.RequestMappingHandlerMapping.register:543 -Mapped "{[/user3/{id}]}" onto public java.lang.String com.qn.controller.UserController.getUser(java.lang.Integer,org.springframework.ui.Model)
2019-03-07 17:42:26.609 INFO [main]o.s.w.s.m.method.annotation.RequestMappingHandlerMapping.register:543 -Mapped "{[/user3/list]}" onto public java.lang.Object com.qn.controller.UserController.listUser(org.springframework.ui.Model)
2019-03-07 17:42:26.611 INFO [main]o.s.w.s.m.method.annotation.RequestMappingHandlerMapping.register:543 -Mapped "{[/error]}" onto public org.springframework.http.ResponseEntity<java.util.Map<java.lang.String, java.lang.Object>> org.springframework.boot.autoconfigure.web.BasicErrorController.error(javax.servlet.http.HttpServletRequest)
2019-03-07 17:42:26.612 INFO [main]o.s.w.s.m.method.annotation.RequestMappingHandlerMapping.register:543 -Mapped "{[/error],produces=[text/html]}" onto public org.springframework.web.servlet.ModelAndView org.springframework.boot.autoconfigure.web.BasicErrorController.errorHtml(javax.servlet.http.HttpServletRequest,javax.servlet.http.HttpServletResponse)
2019-03-07 17:42:26.631 INFO [main]o.s.web.servlet.handler.SimpleUrlHandlerMapping.registerHandler:362 -Mapped URL path [/webjars/**] onto handler of type [class org.springframework.web.servlet.resource.ResourceHttpRequestHandler]
2019-03-07 17:42:26.631 INFO [main]o.s.web.servlet.handler.SimpleUrlHandlerMapping.registerHandler:362 -Mapped URL path [/**] onto handler of type [class org.springframework.web.servlet.resource.ResourceHttpRequestHandler]
2019-03-07 17:42:26.653 INFO [main]o.s.web.servlet.handler.SimpleUrlHandlerMapping.registerHandler:362 -Mapped URL path [/**/favicon.ico] onto handler of type [class org.springframework.web.servlet.resource.ResourceHttpRequestHandler]
2019-03-07 17:42:26.897 INFO [main]o.s.jmx.export.annotation.AnnotationMBeanExporter.afterSingletonsInstantiated:431 -Registering beans for JMX exposure on startup
2019-03-07 17:42:26.907 INFO [main]o.s.s.annotation.ScheduledAnnotationBeanPostProcessor.finishRegistration:267 -No TaskScheduler/ScheduledExecutorService bean found for scheduled processing
2019-03-07 17:42:26.914 INFO [main]org.apache.coyote.http11.Http11NioProtocol.log:179 -Initializing ProtocolHandler ["http-nio-8080"]
2019-03-07 17:42:26.919 INFO [main]org.apache.coyote.http11.Http11NioProtocol.log:179 -Starting ProtocolHandler ["http-nio-8080"]
2019-03-07 17:42:26.941 INFO [main]org.apache.tomcat.util.net.NioSelectorPool.log:179 -Using a shared selector for servlet write/read
2019-03-07 17:42:26.951 INFO [main]o.s.b.c.embedded.tomcat.TomcatEmbeddedServletContainer.start:201 -Tomcat started on port(s): 8080 (http)
2019-03-07 17:42:26.956 INFO [main]com.qn.SpringBootWebApplication.logStarted:57 -Started SpringBootWebApplication in 2.078 seconds (JVM running for 2.456)
2019-03-07 17:42:35.437 INFO [Thread-7]o.s.b.c.e.AnnotationConfigEmbeddedWebApplicationContext.doClose:984 -Closing org.springframework.boot.context.embedded.AnnotationConfigEmbeddedWebApplicationContext@55a561cf: startup date [Thu Mar 07 17:42:25 CST 2019]; root of context hierarchy
2019-03-07 17:42:35.438 INFO [Thread-7]o.s.jmx.export.annotation.AnnotationMBeanExporter.destroy:449 -Unregistering JMX-exposed beans on shutdown
