2019-03-07 17:06:21.007 ERROR[pool-1-thread-1]com.qn.task.TaskService.monitorIPC:50 -ip Address: 
java.net.ConnectException: Host is down
	at java.net.Inet6AddressImpl.isReachable0(Native Method)
	at java.net.Inet6AddressImpl.isReachable(Inet6AddressImpl.java:77)
	at java.net.InetAddress.isReachable(InetAddress.java:481)
	at java.net.InetAddress.isReachable(InetAddress.java:440)
	at com.qn.task.TaskService.ping(TaskService.java:116)
	at com.qn.task.TaskService.monitorIPC(TaskService.java:48)
	at sun.reflect.NativeMethodAccessorImpl.invoke0(Native Method)
	at sun.reflect.NativeMethodAccessorImpl.invoke(NativeMethodAccessorImpl.java:62)
	at sun.reflect.DelegatingMethodAccessorImpl.invoke(DelegatingMethodAccessorImpl.java:43)
	at java.lang.reflect.Method.invoke(Method.java:497)
	at org.springframework.scheduling.support.ScheduledMethodRunnable.run(ScheduledMethodRunnable.java:65)
	at org.springframework.scheduling.support.DelegatingErrorHandlingRunnable.run(DelegatingErrorHandlingRunnable.java:54)
	at org.springframework.scheduling.concurrent.ReschedulingRunnable.run(ReschedulingRunnable.java:81)
	at java.util.concurrent.Executors$RunnableAdapter.call(Executors.java:511)
	at java.util.concurrent.FutureTask.run(FutureTask.java:266)
	at java.util.concurrent.ScheduledThreadPoolExecutor$ScheduledFutureTask.access$201(ScheduledThreadPoolExecutor.java:180)
	at java.util.concurrent.ScheduledThreadPoolExecutor$ScheduledFutureTask.run(ScheduledThreadPoolExecutor.java:293)
	at java.util.concurrent.ThreadPoolExecutor.runWorker(ThreadPoolExecutor.java:1142)
	at java.util.concurrent.ThreadPoolExecutor$Worker.run(ThreadPoolExecutor.java:617)
	at java.lang.Thread.run(Thread.java:745)
2019-03-07 17:06:24.002 ERROR[pool-1-thread-1]com.qn.task.TaskService.monitorIPC:50 -ip Address: 
java.net.ConnectException: Host is down
	at java.net.Inet6AddressImpl.isReachable0(Native Method)
	at java.net.Inet6AddressImpl.isReachable(Inet6AddressImpl.java:77)
	at java.net.InetAddress.isReachable(InetAddress.java:481)
	at java.net.InetAddress.isReachable(InetAddress.java:440)
	at com.qn.task.TaskService.ping(TaskService.java:116)
	at com.qn.task.TaskService.monitorIPC(TaskService.java:48)
	at sun.reflect.NativeMethodAccessorImpl.invoke0(Native Method)
	at sun.reflect.NativeMethodAccessorImpl.invoke(NativeMethodAccessorImpl.java:62)
	at sun.reflect.DelegatingMethodAccessorImpl.invoke(DelegatingMethodAccessorImpl.java:43)
	at java.lang.reflect.Method.invoke(Method.java:497)
	at org.springframework.scheduling.support.ScheduledMethodRunnable.run(ScheduledMethodRunnable.java:65)
	at org.springframework.scheduling.support.DelegatingErrorHandlingRunnable.run(DelegatingErrorHandlingRunnable.java:54)
	at org.springframework.scheduling.concurrent.ReschedulingRunnable.run(ReschedulingRunnable.java:81)
	at java.util.concurrent.Executors$RunnableAdapter.call(Executors.java:511)
	at java.util.concurrent.FutureTask.run(FutureTask.java:266)
	at java.util.concurrent.ScheduledThreadPoolExecutor$ScheduledFutureTask.access$201(ScheduledThreadPoolExecutor.java:180)
	at java.util.concurrent.ScheduledThreadPoolExecutor$ScheduledFutureTask.run(ScheduledThreadPoolExecutor.java:293)
	at java.util.concurrent.ThreadPoolExecutor.runWorker(ThreadPoolExecutor.java:1142)
	at java.util.concurrent.ThreadPoolExecutor$Worker.run(ThreadPoolExecutor.java:617)
	at java.lang.Thread.run(Thread.java:745)
2019-03-07 17:06:27.003 ERROR[pool-1-thread-1]com.qn.task.TaskService.monitorIPC:50 -ip Address: 
java.net.ConnectException: Host is down
	at java.net.Inet6AddressImpl.isReachable0(Native Method)
	at java.net.Inet6AddressImpl.isReachable(Inet6AddressImpl.java:77)
	at java.net.InetAddress.isReachable(InetAddress.java:481)
	at java.net.InetAddress.isReachable(InetAddress.java:440)
	at com.qn.task.TaskService.ping(TaskService.java:116)
	at com.qn.task.TaskService.monitorIPC(TaskService.java:48)
	at sun.reflect.NativeMethodAccessorImpl.invoke0(Native Method)
	at sun.reflect.NativeMethodAccessorImpl.invoke(NativeMethodAccessorImpl.java:62)
	at sun.reflect.DelegatingMethodAccessorImpl.invoke(DelegatingMethodAccessorImpl.java:43)
	at java.lang.reflect.Method.invoke(Method.java:497)
	at org.springframework.scheduling.support.ScheduledMethodRunnable.run(ScheduledMethodRunnable.java:65)
	at org.springframework.scheduling.support.DelegatingErrorHandlingRunnable.run(DelegatingErrorHandlingRunnable.java:54)
	at org.springframework.scheduling.concurrent.ReschedulingRunnable.run(ReschedulingRunnable.java:81)
	at java.util.concurrent.Executors$RunnableAdapter.call(Executors.java:511)
	at java.util.concurrent.FutureTask.run(FutureTask.java:266)
	at java.util.concurrent.ScheduledThreadPoolExecutor$ScheduledFutureTask.access$201(ScheduledThreadPoolExecutor.java:180)
	at java.util.concurrent.ScheduledThreadPoolExecutor$ScheduledFutureTask.run(ScheduledThreadPoolExecutor.java:293)
	at java.util.concurrent.ThreadPoolExecutor.runWorker(ThreadPoolExecutor.java:1142)
	at java.util.concurrent.ThreadPoolExecutor$Worker.run(ThreadPoolExecutor.java:617)
	at java.lang.Thread.run(Thread.java:745)
2019-03-07 17:06:30.002 ERROR[pool-1-thread-1]com.qn.task.TaskService.monitorIPC:50 -ip Address: 
java.net.ConnectException: Host is down
	at java.net.Inet6AddressImpl.isReachable0(Native Method)
	at java.net.Inet6AddressImpl.isReachable(Inet6AddressImpl.java:77)
	at java.net.InetAddress.isReachable(InetAddress.java:481)
	at java.net.InetAddress.isReachable(InetAddress.java:440)
	at com.qn.task.TaskService.ping(TaskService.java:116)
	at com.qn.task.TaskService.monitorIPC(TaskService.java:48)
	at sun.reflect.NativeMethodAccessorImpl.invoke0(Native Method)
	at sun.reflect.NativeMethodAccessorImpl.invoke(NativeMethodAccessorImpl.java:62)
	at sun.reflect.DelegatingMethodAccessorImpl.invoke(DelegatingMethodAccessorImpl.java:43)
	at java.lang.reflect.Method.invoke(Method.java:497)
	at org.springframework.scheduling.support.ScheduledMethodRunnable.run(ScheduledMethodRunnable.java:65)
	at org.springframework.scheduling.support.DelegatingErrorHandlingRunnable.run(DelegatingErrorHandlingRunnable.java:54)
	at org.springframework.scheduling.concurrent.ReschedulingRunnable.run(ReschedulingRunnable.java:81)
	at java.util.concurrent.Executors$RunnableAdapter.call(Executors.java:511)
	at java.util.concurrent.FutureTask.run(FutureTask.java:266)
	at java.util.concurrent.ScheduledThreadPoolExecutor$ScheduledFutureTask.access$201(ScheduledThreadPoolExecutor.java:180)
	at java.util.concurrent.ScheduledThreadPoolExecutor$ScheduledFutureTask.run(ScheduledThreadPoolExecutor.java:293)
	at java.util.concurrent.ThreadPoolExecutor.runWorker(ThreadPoolExecutor.java:1142)
	at java.util.concurrent.ThreadPoolExecutor$Worker.run(ThreadPoolExecutor.java:617)
	at java.lang.Thread.run(Thread.java:745)
2019-03-07 17:06:33.001 ERROR[pool-1-thread-1]com.qn.task.TaskService.monitorIPC:50 -ip Address: 
java.net.ConnectException: Host is down
	at java.net.Inet6AddressImpl.isReachable0(Native Method)
	at java.net.Inet6AddressImpl.isReachable(Inet6AddressImpl.java:77)
	at java.net.InetAddress.isReachable(InetAddress.java:481)
	at java.net.InetAddress.isReachable(InetAddress.java:440)
	at com.qn.task.TaskService.ping(TaskService.java:116)
	at com.qn.task.TaskService.monitorIPC(TaskService.java:48)
	at sun.reflect.NativeMethodAccessorImpl.invoke0(Native Method)
	at sun.reflect.NativeMethodAccessorImpl.invoke(NativeMethodAccessorImpl.java:62)
	at sun.reflect.DelegatingMethodAccessorImpl.invoke(DelegatingMethodAccessorImpl.java:43)
	at java.lang.reflect.Method.invoke(Method.java:497)
	at org.springframework.scheduling.support.ScheduledMethodRunnable.run(ScheduledMethodRunnable.java:65)
	at org.springframework.scheduling.support.DelegatingErrorHandlingRunnable.run(DelegatingErrorHandlingRunnable.java:54)
	at org.springframework.scheduling.concurrent.ReschedulingRunnable.run(ReschedulingRunnable.java:81)
	at java.util.concurrent.Executors$RunnableAdapter.call(Executors.java:511)
	at java.util.concurrent.FutureTask.run(FutureTask.java:266)
	at java.util.concurrent.ScheduledThreadPoolExecutor$ScheduledFutureTask.access$201(ScheduledThreadPoolExecutor.java:180)
	at java.util.concurrent.ScheduledThreadPoolExecutor$ScheduledFutureTask.run(ScheduledThreadPoolExecutor.java:293)
	at java.util.concurrent.ThreadPoolExecutor.runWorker(ThreadPoolExecutor.java:1142)
	at java.util.concurrent.ThreadPoolExecutor$Worker.run(ThreadPoolExecutor.java:617)
	at java.lang.Thread.run(Thread.java:745)
2019-03-07 17:06:36.002 ERROR[pool-1-thread-1]com.qn.task.TaskService.monitorIPC:50 -ip Address: 
java.net.ConnectException: Host is down
	at java.net.Inet6AddressImpl.isReachable0(Native Method)
	at java.net.Inet6AddressImpl.isReachable(Inet6AddressImpl.java:77)
	at java.net.InetAddress.isReachable(InetAddress.java:481)
	at java.net.InetAddress.isReachable(InetAddress.java:440)
	at com.qn.task.TaskService.ping(TaskService.java:116)
	at com.qn.task.TaskService.monitorIPC(TaskService.java:48)
	at sun.reflect.NativeMethodAccessorImpl.invoke0(Native Method)
	at sun.reflect.NativeMethodAccessorImpl.invoke(NativeMethodAccessorImpl.java:62)
	at sun.reflect.DelegatingMethodAccessorImpl.invoke(DelegatingMethodAccessorImpl.java:43)
	at java.lang.reflect.Method.invoke(Method.java:497)
	at org.springframework.scheduling.support.ScheduledMethodRunnable.run(ScheduledMethodRunnable.java:65)
	at org.springframework.scheduling.support.DelegatingErrorHandlingRunnable.run(DelegatingErrorHandlingRunnable.java:54)
	at org.springframework.scheduling.concurrent.ReschedulingRunnable.run(ReschedulingRunnable.java:81)
	at java.util.concurrent.Executors$RunnableAdapter.call(Executors.java:511)
	at java.util.concurrent.FutureTask.run(FutureTask.java:266)
	at java.util.concurrent.ScheduledThreadPoolExecutor$ScheduledFutureTask.access$201(ScheduledThreadPoolExecutor.java:180)
	at java.util.concurrent.ScheduledThreadPoolExecutor$ScheduledFutureTask.run(ScheduledThreadPoolExecutor.java:293)
	at java.util.concurrent.ThreadPoolExecutor.runWorker(ThreadPoolExecutor.java:1142)
	at java.util.concurrent.ThreadPoolExecutor$Worker.run(ThreadPoolExecutor.java:617)
	at java.lang.Thread.run(Thread.java:745)
2019-03-07 17:06:51.002 ERROR[pool-1-thread-1]com.qn.task.TaskService.monitorIPC:50 -ip Address: 
java.net.ConnectException: Host is down
	at java.net.Inet6AddressImpl.isReachable0(Native Method)
	at java.net.Inet6AddressImpl.isReachable(Inet6AddressImpl.java:77)
	at java.net.InetAddress.isReachable(InetAddress.java:481)
	at java.net.InetAddress.isReachable(InetAddress.java:440)
	at com.qn.task.TaskService.ping(TaskService.java:116)
	at com.qn.task.TaskService.monitorIPC(TaskService.java:48)
	at sun.reflect.NativeMethodAccessorImpl.invoke0(Native Method)
	at sun.reflect.NativeMethodAccessorImpl.invoke(NativeMethodAccessorImpl.java:62)
	at sun.reflect.DelegatingMethodAccessorImpl.invoke(DelegatingMethodAccessorImpl.java:43)
	at java.lang.reflect.Method.invoke(Method.java:497)
	at org.springframework.scheduling.support.ScheduledMethodRunnable.run(ScheduledMethodRunnable.java:65)
	at org.springframework.scheduling.support.DelegatingErrorHandlingRunnable.run(DelegatingErrorHandlingRunnable.java:54)
	at org.springframework.scheduling.concurrent.ReschedulingRunnable.run(ReschedulingRunnable.java:81)
	at java.util.concurrent.Executors$RunnableAdapter.call(Executors.java:511)
	at java.util.concurrent.FutureTask.run(FutureTask.java:266)
	at java.util.concurrent.ScheduledThreadPoolExecutor$ScheduledFutureTask.access$201(ScheduledThreadPoolExecutor.java:180)
	at java.util.concurrent.ScheduledThreadPoolExecutor$ScheduledFutureTask.run(ScheduledThreadPoolExecutor.java:293)
	at java.util.concurrent.ThreadPoolExecutor.runWorker(ThreadPoolExecutor.java:1142)
	at java.util.concurrent.ThreadPoolExecutor$Worker.run(ThreadPoolExecutor.java:617)
	at java.lang.Thread.run(Thread.java:745)
2019-03-07 17:06:54.005 ERROR[pool-1-thread-1]com.qn.task.TaskService.monitorIPC:50 -ip Address: 
java.net.ConnectException: Host is down
	at java.net.Inet6AddressImpl.isReachable0(Native Method)
	at java.net.Inet6AddressImpl.isReachable(Inet6AddressImpl.java:77)
	at java.net.InetAddress.isReachable(InetAddress.java:481)
	at java.net.InetAddress.isReachable(InetAddress.java:440)
	at com.qn.task.TaskService.ping(TaskService.java:116)
	at com.qn.task.TaskService.monitorIPC(TaskService.java:48)
	at sun.reflect.NativeMethodAccessorImpl.invoke0(Native Method)
	at sun.reflect.NativeMethodAccessorImpl.invoke(NativeMethodAccessorImpl.java:62)
	at sun.reflect.DelegatingMethodAccessorImpl.invoke(DelegatingMethodAccessorImpl.java:43)
	at java.lang.reflect.Method.invoke(Method.java:497)
	at org.springframework.scheduling.support.ScheduledMethodRunnable.run(ScheduledMethodRunnable.java:65)
	at org.springframework.scheduling.support.DelegatingErrorHandlingRunnable.run(DelegatingErrorHandlingRunnable.java:54)
	at org.springframework.scheduling.concurrent.ReschedulingRunnable.run(ReschedulingRunnable.java:81)
	at java.util.concurrent.Executors$RunnableAdapter.call(Executors.java:511)
	at java.util.concurrent.FutureTask.run(FutureTask.java:266)
	at java.util.concurrent.ScheduledThreadPoolExecutor$ScheduledFutureTask.access$201(ScheduledThreadPoolExecutor.java:180)
	at java.util.concurrent.ScheduledThreadPoolExecutor$ScheduledFutureTask.run(ScheduledThreadPoolExecutor.java:293)
	at java.util.concurrent.ThreadPoolExecutor.runWorker(ThreadPoolExecutor.java:1142)
	at java.util.concurrent.ThreadPoolExecutor$Worker.run(ThreadPoolExecutor.java:617)
	at java.lang.Thread.run(Thread.java:745)
2019-03-07 17:06:57.005 ERROR[pool-1-thread-1]com.qn.task.TaskService.monitorIPC:50 -ip Address: 
java.net.ConnectException: Host is down
	at java.net.Inet6AddressImpl.isReachable0(Native Method)
	at java.net.Inet6AddressImpl.isReachable(Inet6AddressImpl.java:77)
	at java.net.InetAddress.isReachable(InetAddress.java:481)
	at java.net.InetAddress.isReachable(InetAddress.java:440)
	at com.qn.task.TaskService.ping(TaskService.java:116)
	at com.qn.task.TaskService.monitorIPC(TaskService.java:48)
	at sun.reflect.NativeMethodAccessorImpl.invoke0(Native Method)
	at sun.reflect.NativeMethodAccessorImpl.invoke(NativeMethodAccessorImpl.java:62)
	at sun.reflect.DelegatingMethodAccessorImpl.invoke(DelegatingMethodAccessorImpl.java:43)
	at java.lang.reflect.Method.invoke(Method.java:497)
	at org.springframework.scheduling.support.ScheduledMethodRunnable.run(ScheduledMethodRunnable.java:65)
	at org.springframework.scheduling.support.DelegatingErrorHandlingRunnable.run(DelegatingErrorHandlingRunnable.java:54)
	at org.springframework.scheduling.concurrent.ReschedulingRunnable.run(ReschedulingRunnable.java:81)
	at java.util.concurrent.Executors$RunnableAdapter.call(Executors.java:511)
	at java.util.concurrent.FutureTask.run(FutureTask.java:266)
	at java.util.concurrent.ScheduledThreadPoolExecutor$ScheduledFutureTask.access$201(ScheduledThreadPoolExecutor.java:180)
	at java.util.concurrent.ScheduledThreadPoolExecutor$ScheduledFutureTask.run(ScheduledThreadPoolExecutor.java:293)
	at java.util.concurrent.ThreadPoolExecutor.runWorker(ThreadPoolExecutor.java:1142)
	at java.util.concurrent.ThreadPoolExecutor$Worker.run(ThreadPoolExecutor.java:617)
	at java.lang.Thread.run(Thread.java:745)
2019-03-07 17:07:00.001 ERROR[pool-1-thread-1]com.qn.task.TaskService.monitorIPC:50 -ip Address: 
java.net.ConnectException: Host is down
	at java.net.Inet6AddressImpl.isReachable0(Native Method)
	at java.net.Inet6AddressImpl.isReachable(Inet6AddressImpl.java:77)
	at java.net.InetAddress.isReachable(InetAddress.java:481)
	at java.net.InetAddress.isReachable(InetAddress.java:440)
	at com.qn.task.TaskService.ping(TaskService.java:116)
	at com.qn.task.TaskService.monitorIPC(TaskService.java:48)
	at sun.reflect.NativeMethodAccessorImpl.invoke0(Native Method)
	at sun.reflect.NativeMethodAccessorImpl.invoke(NativeMethodAccessorImpl.java:62)
	at sun.reflect.DelegatingMethodAccessorImpl.invoke(DelegatingMethodAccessorImpl.java:43)
	at java.lang.reflect.Method.invoke(Method.java:497)
	at org.springframework.scheduling.support.ScheduledMethodRunnable.run(ScheduledMethodRunnable.java:65)
	at org.springframework.scheduling.support.DelegatingErrorHandlingRunnable.run(DelegatingErrorHandlingRunnable.java:54)
	at org.springframework.scheduling.concurrent.ReschedulingRunnable.run(ReschedulingRunnable.java:81)
	at java.util.concurrent.Executors$RunnableAdapter.call(Executors.java:511)
	at java.util.concurrent.FutureTask.run(FutureTask.java:266)
	at java.util.concurrent.ScheduledThreadPoolExecutor$ScheduledFutureTask.access$201(ScheduledThreadPoolExecutor.java:180)
	at java.util.concurrent.ScheduledThreadPoolExecutor$ScheduledFutureTask.run(ScheduledThreadPoolExecutor.java:293)
	at java.util.concurrent.ThreadPoolExecutor.runWorker(ThreadPoolExecutor.java:1142)
	at java.util.concurrent.ThreadPoolExecutor$Worker.run(ThreadPoolExecutor.java:617)
	at java.lang.Thread.run(Thread.java:745)
2019-03-07 17:08:24.003 ERROR[pool-1-thread-1]com.qn.task.TaskService.monitorIPC:50 -ip Address: 
java.net.ConnectException: Host is down
	at java.net.Inet6AddressImpl.isReachable0(Native Method)
	at java.net.Inet6AddressImpl.isReachable(Inet6AddressImpl.java:77)
	at java.net.InetAddress.isReachable(InetAddress.java:481)
	at java.net.InetAddress.isReachable(InetAddress.java:440)
	at com.qn.task.TaskService.ping(TaskService.java:116)
	at com.qn.task.TaskService.monitorIPC(TaskService.java:48)
	at sun.reflect.NativeMethodAccessorImpl.invoke0(Native Method)
	at sun.reflect.NativeMethodAccessorImpl.invoke(NativeMethodAccessorImpl.java:62)
	at sun.reflect.DelegatingMethodAccessorImpl.invoke(DelegatingMethodAccessorImpl.java:43)
	at java.lang.reflect.Method.invoke(Method.java:497)
	at org.springframework.scheduling.support.ScheduledMethodRunnable.run(ScheduledMethodRunnable.java:65)
	at org.springframework.scheduling.support.DelegatingErrorHandlingRunnable.run(DelegatingErrorHandlingRunnable.java:54)
	at org.springframework.scheduling.concurrent.ReschedulingRunnable.run(ReschedulingRunnable.java:81)
	at java.util.concurrent.Executors$RunnableAdapter.call(Executors.java:511)
	at java.util.concurrent.FutureTask.run(FutureTask.java:266)
	at java.util.concurrent.ScheduledThreadPoolExecutor$ScheduledFutureTask.access$201(ScheduledThreadPoolExecutor.java:180)
	at java.util.concurrent.ScheduledThreadPoolExecutor$ScheduledFutureTask.run(ScheduledThreadPoolExecutor.java:293)
	at java.util.concurrent.ThreadPoolExecutor.runWorker(ThreadPoolExecutor.java:1142)
	at java.util.concurrent.ThreadPoolExecutor$Worker.run(ThreadPoolExecutor.java:617)
	at java.lang.Thread.run(Thread.java:745)
2019-03-07 17:08:27.004 ERROR[pool-1-thread-1]com.qn.task.TaskService.monitorIPC:50 -ip Address: 
java.net.ConnectException: Host is down
	at java.net.Inet6AddressImpl.isReachable0(Native Method)
	at java.net.Inet6AddressImpl.isReachable(Inet6AddressImpl.java:77)
	at java.net.InetAddress.isReachable(InetAddress.java:481)
	at java.net.InetAddress.isReachable(InetAddress.java:440)
	at com.qn.task.TaskService.ping(TaskService.java:116)
	at com.qn.task.TaskService.monitorIPC(TaskService.java:48)
	at sun.reflect.NativeMethodAccessorImpl.invoke0(Native Method)
	at sun.reflect.NativeMethodAccessorImpl.invoke(NativeMethodAccessorImpl.java:62)
	at sun.reflect.DelegatingMethodAccessorImpl.invoke(DelegatingMethodAccessorImpl.java:43)
	at java.lang.reflect.Method.invoke(Method.java:497)
	at org.springframework.scheduling.support.ScheduledMethodRunnable.run(ScheduledMethodRunnable.java:65)
	at org.springframework.scheduling.support.DelegatingErrorHandlingRunnable.run(DelegatingErrorHandlingRunnable.java:54)
	at org.springframework.scheduling.concurrent.ReschedulingRunnable.run(ReschedulingRunnable.java:81)
	at java.util.concurrent.Executors$RunnableAdapter.call(Executors.java:511)
	at java.util.concurrent.FutureTask.run(FutureTask.java:266)
	at java.util.concurrent.ScheduledThreadPoolExecutor$ScheduledFutureTask.access$201(ScheduledThreadPoolExecutor.java:180)
	at java.util.concurrent.ScheduledThreadPoolExecutor$ScheduledFutureTask.run(ScheduledThreadPoolExecutor.java:293)
	at java.util.concurrent.ThreadPoolExecutor.runWorker(ThreadPoolExecutor.java:1142)
	at java.util.concurrent.ThreadPoolExecutor$Worker.run(ThreadPoolExecutor.java:617)
	at java.lang.Thread.run(Thread.java:745)
2019-03-07 17:08:30.005 ERROR[pool-1-thread-1]com.qn.task.TaskService.monitorIPC:50 -ip Address: 
java.net.ConnectException: Host is down
	at java.net.Inet6AddressImpl.isReachable0(Native Method)
	at java.net.Inet6AddressImpl.isReachable(Inet6AddressImpl.java:77)
	at java.net.InetAddress.isReachable(InetAddress.java:481)
	at java.net.InetAddress.isReachable(InetAddress.java:440)
	at com.qn.task.TaskService.ping(TaskService.java:116)
	at com.qn.task.TaskService.monitorIPC(TaskService.java:48)
	at sun.reflect.NativeMethodAccessorImpl.invoke0(Native Method)
	at sun.reflect.NativeMethodAccessorImpl.invoke(NativeMethodAccessorImpl.java:62)
	at sun.reflect.DelegatingMethodAccessorImpl.invoke(DelegatingMethodAccessorImpl.java:43)
	at java.lang.reflect.Method.invoke(Method.java:497)
	at org.springframework.scheduling.support.ScheduledMethodRunnable.run(ScheduledMethodRunnable.java:65)
	at org.springframework.scheduling.support.DelegatingErrorHandlingRunnable.run(DelegatingErrorHandlingRunnable.java:54)
	at org.springframework.scheduling.concurrent.ReschedulingRunnable.run(ReschedulingRunnable.java:81)
	at java.util.concurrent.Executors$RunnableAdapter.call(Executors.java:511)
	at java.util.concurrent.FutureTask.run(FutureTask.java:266)
	at java.util.concurrent.ScheduledThreadPoolExecutor$ScheduledFutureTask.access$201(ScheduledThreadPoolExecutor.java:180)
	at java.util.concurrent.ScheduledThreadPoolExecutor$ScheduledFutureTask.run(ScheduledThreadPoolExecutor.java:293)
	at java.util.concurrent.ThreadPoolExecutor.runWorker(ThreadPoolExecutor.java:1142)
	at java.util.concurrent.ThreadPoolExecutor$Worker.run(ThreadPoolExecutor.java:617)
	at java.lang.Thread.run(Thread.java:745)
2019-03-07 17:08:33.004 ERROR[pool-1-thread-1]com.qn.task.TaskService.monitorIPC:50 -ip Address: 
java.net.ConnectException: Host is down
	at java.net.Inet6AddressImpl.isReachable0(Native Method)
	at java.net.Inet6AddressImpl.isReachable(Inet6AddressImpl.java:77)
	at java.net.InetAddress.isReachable(InetAddress.java:481)
	at java.net.InetAddress.isReachable(InetAddress.java:440)
	at com.qn.task.TaskService.ping(TaskService.java:116)
	at com.qn.task.TaskService.monitorIPC(TaskService.java:48)
	at sun.reflect.NativeMethodAccessorImpl.invoke0(Native Method)
	at sun.reflect.NativeMethodAccessorImpl.invoke(NativeMethodAccessorImpl.java:62)
	at sun.reflect.DelegatingMethodAccessorImpl.invoke(DelegatingMethodAccessorImpl.java:43)
	at java.lang.reflect.Method.invoke(Method.java:497)
	at org.springframework.scheduling.support.ScheduledMethodRunnable.run(ScheduledMethodRunnable.java:65)
	at org.springframework.scheduling.support.DelegatingErrorHandlingRunnable.run(DelegatingErrorHandlingRunnable.java:54)
	at org.springframework.scheduling.concurrent.ReschedulingRunnable.run(ReschedulingRunnable.java:81)
	at java.util.concurrent.Executors$RunnableAdapter.call(Executors.java:511)
	at java.util.concurrent.FutureTask.run(FutureTask.java:266)
	at java.util.concurrent.ScheduledThreadPoolExecutor$ScheduledFutureTask.access$201(ScheduledThreadPoolExecutor.java:180)
	at java.util.concurrent.ScheduledThreadPoolExecutor$ScheduledFutureTask.run(ScheduledThreadPoolExecutor.java:293)
	at java.util.concurrent.ThreadPoolExecutor.runWorker(ThreadPoolExecutor.java:1142)
	at java.util.concurrent.ThreadPoolExecutor$Worker.run(ThreadPoolExecutor.java:617)
	at java.lang.Thread.run(Thread.java:745)
2019-03-07 17:08:36.006 ERROR[pool-1-thread-1]com.qn.task.TaskService.monitorIPC:50 -ip Address: 
java.net.ConnectException: Host is down
	at java.net.Inet6AddressImpl.isReachable0(Native Method)
	at java.net.Inet6AddressImpl.isReachable(Inet6AddressImpl.java:77)
	at java.net.InetAddress.isReachable(InetAddress.java:481)
	at java.net.InetAddress.isReachable(InetAddress.java:440)
	at com.qn.task.TaskService.ping(TaskService.java:116)
	at com.qn.task.TaskService.monitorIPC(TaskService.java:48)
	at sun.reflect.NativeMethodAccessorImpl.invoke0(Native Method)
	at sun.reflect.NativeMethodAccessorImpl.invoke(NativeMethodAccessorImpl.java:62)
	at sun.reflect.DelegatingMethodAccessorImpl.invoke(DelegatingMethodAccessorImpl.java:43)
	at java.lang.reflect.Method.invoke(Method.java:497)
	at org.springframework.scheduling.support.ScheduledMethodRunnable.run(ScheduledMethodRunnable.java:65)
	at org.springframework.scheduling.support.DelegatingErrorHandlingRunnable.run(DelegatingErrorHandlingRunnable.java:54)
	at org.springframework.scheduling.concurrent.ReschedulingRunnable.run(ReschedulingRunnable.java:81)
	at java.util.concurrent.Executors$RunnableAdapter.call(Executors.java:511)
	at java.util.concurrent.FutureTask.run(FutureTask.java:266)
	at java.util.concurrent.ScheduledThreadPoolExecutor$ScheduledFutureTask.access$201(ScheduledThreadPoolExecutor.java:180)
	at java.util.concurrent.ScheduledThreadPoolExecutor$ScheduledFutureTask.run(ScheduledThreadPoolExecutor.java:293)
	at java.util.concurrent.ThreadPoolExecutor.runWorker(ThreadPoolExecutor.java:1142)
	at java.util.concurrent.ThreadPoolExecutor$Worker.run(ThreadPoolExecutor.java:617)
	at java.lang.Thread.run(Thread.java:745)
2019-03-07 17:08:39.002 ERROR[pool-1-thread-1]com.qn.task.TaskService.monitorIPC:50 -ip Address: 
java.net.ConnectException: Host is down
	at java.net.Inet6AddressImpl.isReachable0(Native Method)
	at java.net.Inet6AddressImpl.isReachable(Inet6AddressImpl.java:77)
	at java.net.InetAddress.isReachable(InetAddress.java:481)
	at java.net.InetAddress.isReachable(InetAddress.java:440)
	at com.qn.task.TaskService.ping(TaskService.java:116)
	at com.qn.task.TaskService.monitorIPC(TaskService.java:48)
	at sun.reflect.NativeMethodAccessorImpl.invoke0(Native Method)
	at sun.reflect.NativeMethodAccessorImpl.invoke(NativeMethodAccessorImpl.java:62)
	at sun.reflect.DelegatingMethodAccessorImpl.invoke(DelegatingMethodAccessorImpl.java:43)
	at java.lang.reflect.Method.invoke(Method.java:497)
	at org.springframework.scheduling.support.ScheduledMethodRunnable.run(ScheduledMethodRunnable.java:65)
	at org.springframework.scheduling.support.DelegatingErrorHandlingRunnable.run(DelegatingErrorHandlingRunnable.java:54)
	at org.springframework.scheduling.concurrent.ReschedulingRunnable.run(ReschedulingRunnable.java:81)
	at java.util.concurrent.Executors$RunnableAdapter.call(Executors.java:511)
	at java.util.concurrent.FutureTask.run(FutureTask.java:266)
	at java.util.concurrent.ScheduledThreadPoolExecutor$ScheduledFutureTask.access$201(ScheduledThreadPoolExecutor.java:180)
	at java.util.concurrent.ScheduledThreadPoolExecutor$ScheduledFutureTask.run(ScheduledThreadPoolExecutor.java:293)
	at java.util.concurrent.ThreadPoolExecutor.runWorker(ThreadPoolExecutor.java:1142)
	at java.util.concurrent.ThreadPoolExecutor$Worker.run(ThreadPoolExecutor.java:617)
	at java.lang.Thread.run(Thread.java:745)
2019-03-07 17:40:00.006 ERROR[pool-1-thread-1]com.qn.task.TaskService.reachableIPC:79 -ip Address error: 
java.net.ConnectException: Host is down
	at java.net.Inet6AddressImpl.isReachable0(Native Method)
	at java.net.Inet6AddressImpl.isReachable(Inet6AddressImpl.java:77)
	at java.net.InetAddress.isReachable(InetAddress.java:481)
	at java.net.InetAddress.isReachable(InetAddress.java:440)
	at com.qn.task.TaskService.ping(TaskService.java:146)
	at com.qn.task.TaskService.reachableIPC(TaskService.java:77)
	at com.qn.task.TaskService.monitorIPC(TaskService.java:50)
	at sun.reflect.NativeMethodAccessorImpl.invoke0(Native Method)
	at sun.reflect.NativeMethodAccessorImpl.invoke(NativeMethodAccessorImpl.java:62)
	at sun.reflect.DelegatingMethodAccessorImpl.invoke(DelegatingMethodAccessorImpl.java:43)
	at java.lang.reflect.Method.invoke(Method.java:497)
	at org.springframework.scheduling.support.ScheduledMethodRunnable.run(ScheduledMethodRunnable.java:65)
	at org.springframework.scheduling.support.DelegatingErrorHandlingRunnable.run(DelegatingErrorHandlingRunnable.java:54)
	at org.springframework.scheduling.concurrent.ReschedulingRunnable.run(ReschedulingRunnable.java:81)
	at java.util.concurrent.Executors$RunnableAdapter.call(Executors.java:511)
	at java.util.concurrent.FutureTask.run(FutureTask.java:266)
	at java.util.concurrent.ScheduledThreadPoolExecutor$ScheduledFutureTask.access$201(ScheduledThreadPoolExecutor.java:180)
	at java.util.concurrent.ScheduledThreadPoolExecutor$ScheduledFutureTask.run(ScheduledThreadPoolExecutor.java:293)
	at java.util.concurrent.ThreadPoolExecutor.runWorker(ThreadPoolExecutor.java:1142)
	at java.util.concurrent.ThreadPoolExecutor$Worker.run(ThreadPoolExecutor.java:617)
	at java.lang.Thread.run(Thread.java:745)
2019-03-07 17:40:02.002 ERROR[pool-1-thread-1]com.qn.task.TaskService.reachableIPC:79 -ip Address error: 
java.net.ConnectException: Host is down
	at java.net.Inet6AddressImpl.isReachable0(Native Method)
	at java.net.Inet6AddressImpl.isReachable(Inet6AddressImpl.java:77)
	at java.net.InetAddress.isReachable(InetAddress.java:481)
	at java.net.InetAddress.isReachable(InetAddress.java:440)
	at com.qn.task.TaskService.ping(TaskService.java:146)
	at com.qn.task.TaskService.reachableIPC(TaskService.java:77)
	at com.qn.task.TaskService.monitorIPC(TaskService.java:50)
	at sun.reflect.NativeMethodAccessorImpl.invoke0(Native Method)
	at sun.reflect.NativeMethodAccessorImpl.invoke(NativeMethodAccessorImpl.java:62)
	at sun.reflect.DelegatingMethodAccessorImpl.invoke(DelegatingMethodAccessorImpl.java:43)
	at java.lang.reflect.Method.invoke(Method.java:497)
	at org.springframework.scheduling.support.ScheduledMethodRunnable.run(ScheduledMethodRunnable.java:65)
	at org.springframework.scheduling.support.DelegatingErrorHandlingRunnable.run(DelegatingErrorHandlingRunnable.java:54)
	at org.springframework.scheduling.concurrent.ReschedulingRunnable.run(ReschedulingRunnable.java:81)
	at java.util.concurrent.Executors$RunnableAdapter.call(Executors.java:511)
	at java.util.concurrent.FutureTask.run(FutureTask.java:266)
	at java.util.concurrent.ScheduledThreadPoolExecutor$ScheduledFutureTask.access$201(ScheduledThreadPoolExecutor.java:180)
	at java.util.concurrent.ScheduledThreadPoolExecutor$ScheduledFutureTask.run(ScheduledThreadPoolExecutor.java:293)
	at java.util.concurrent.ThreadPoolExecutor.runWorker(ThreadPoolExecutor.java:1142)
	at java.util.concurrent.ThreadPoolExecutor$Worker.run(ThreadPoolExecutor.java:617)
	at java.lang.Thread.run(Thread.java:745)
2019-03-07 17:40:04.004 ERROR[pool-1-thread-1]com.qn.task.TaskService.reachableIPC:79 -ip Address error: 
java.net.ConnectException: Host is down
	at java.net.Inet6AddressImpl.isReachable0(Native Method)
	at java.net.Inet6AddressImpl.isReachable(Inet6AddressImpl.java:77)
	at java.net.InetAddress.isReachable(InetAddress.java:481)
	at java.net.InetAddress.isReachable(InetAddress.java:440)
	at com.qn.task.TaskService.ping(TaskService.java:146)
	at com.qn.task.TaskService.reachableIPC(TaskService.java:77)
	at com.qn.task.TaskService.monitorIPC(TaskService.java:50)
	at sun.reflect.NativeMethodAccessorImpl.invoke0(Native Method)
	at sun.reflect.NativeMethodAccessorImpl.invoke(NativeMethodAccessorImpl.java:62)
	at sun.reflect.DelegatingMethodAccessorImpl.invoke(DelegatingMethodAccessorImpl.java:43)
	at java.lang.reflect.Method.invoke(Method.java:497)
	at org.springframework.scheduling.support.ScheduledMethodRunnable.run(ScheduledMethodRunnable.java:65)
	at org.springframework.scheduling.support.DelegatingErrorHandlingRunnable.run(DelegatingErrorHandlingRunnable.java:54)
	at org.springframework.scheduling.concurrent.ReschedulingRunnable.run(ReschedulingRunnable.java:81)
	at java.util.concurrent.Executors$RunnableAdapter.call(Executors.java:511)
	at java.util.concurrent.FutureTask.run(FutureTask.java:266)
	at java.util.concurrent.ScheduledThreadPoolExecutor$ScheduledFutureTask.access$201(ScheduledThreadPoolExecutor.java:180)
	at java.util.concurrent.ScheduledThreadPoolExecutor$ScheduledFutureTask.run(ScheduledThreadPoolExecutor.java:293)
	at java.util.concurrent.ThreadPoolExecutor.runWorker(ThreadPoolExecutor.java:1142)
	at java.util.concurrent.ThreadPoolExecutor$Worker.run(ThreadPoolExecutor.java:617)
	at java.lang.Thread.run(Thread.java:745)
2019-03-07 17:40:06.001 ERROR[pool-1-thread-1]com.qn.task.TaskService.reachableIPC:79 -ip Address error: 
java.net.ConnectException: Host is down
	at java.net.Inet6AddressImpl.isReachable0(Native Method)
	at java.net.Inet6AddressImpl.isReachable(Inet6AddressImpl.java:77)
	at java.net.InetAddress.isReachable(InetAddress.java:481)
	at java.net.InetAddress.isReachable(InetAddress.java:440)
	at com.qn.task.TaskService.ping(TaskService.java:146)
	at com.qn.task.TaskService.reachableIPC(TaskService.java:77)
	at com.qn.task.TaskService.monitorIPC(TaskService.java:50)
	at sun.reflect.NativeMethodAccessorImpl.invoke0(Native Method)
	at sun.reflect.NativeMethodAccessorImpl.invoke(NativeMethodAccessorImpl.java:62)
	at sun.reflect.DelegatingMethodAccessorImpl.invoke(DelegatingMethodAccessorImpl.java:43)
	at java.lang.reflect.Method.invoke(Method.java:497)
	at org.springframework.scheduling.support.ScheduledMethodRunnable.run(ScheduledMethodRunnable.java:65)
	at org.springframework.scheduling.support.DelegatingErrorHandlingRunnable.run(DelegatingErrorHandlingRunnable.java:54)
	at org.springframework.scheduling.concurrent.ReschedulingRunnable.run(ReschedulingRunnable.java:81)
	at java.util.concurrent.Executors$RunnableAdapter.call(Executors.java:511)
	at java.util.concurrent.FutureTask.run(FutureTask.java:266)
	at java.util.concurrent.ScheduledThreadPoolExecutor$ScheduledFutureTask.access$201(ScheduledThreadPoolExecutor.java:180)
	at java.util.concurrent.ScheduledThreadPoolExecutor$ScheduledFutureTask.run(ScheduledThreadPoolExecutor.java:293)
	at java.util.concurrent.ThreadPoolExecutor.runWorker(ThreadPoolExecutor.java:1142)
	at java.util.concurrent.ThreadPoolExecutor$Worker.run(ThreadPoolExecutor.java:617)
	at java.lang.Thread.run(Thread.java:745)
2019-03-07 17:40:08.003 ERROR[pool-1-thread-1]com.qn.task.TaskService.reachableIPC:79 -ip Address error: 
java.net.ConnectException: Host is down
	at java.net.Inet6AddressImpl.isReachable0(Native Method)
	at java.net.Inet6AddressImpl.isReachable(Inet6AddressImpl.java:77)
	at java.net.InetAddress.isReachable(InetAddress.java:481)
	at java.net.InetAddress.isReachable(InetAddress.java:440)
	at com.qn.task.TaskService.ping(TaskService.java:146)
	at com.qn.task.TaskService.reachableIPC(TaskService.java:77)
	at com.qn.task.TaskService.monitorIPC(TaskService.java:50)
	at sun.reflect.NativeMethodAccessorImpl.invoke0(Native Method)
	at sun.reflect.NativeMethodAccessorImpl.invoke(NativeMethodAccessorImpl.java:62)
	at sun.reflect.DelegatingMethodAccessorImpl.invoke(DelegatingMethodAccessorImpl.java:43)
	at java.lang.reflect.Method.invoke(Method.java:497)
	at org.springframework.scheduling.support.ScheduledMethodRunnable.run(ScheduledMethodRunnable.java:65)
	at org.springframework.scheduling.support.DelegatingErrorHandlingRunnable.run(DelegatingErrorHandlingRunnable.java:54)
	at org.springframework.scheduling.concurrent.ReschedulingRunnable.run(ReschedulingRunnable.java:81)
	at java.util.concurrent.Executors$RunnableAdapter.call(Executors.java:511)
	at java.util.concurrent.FutureTask.run(FutureTask.java:266)
	at java.util.concurrent.ScheduledThreadPoolExecutor$ScheduledFutureTask.access$201(ScheduledThreadPoolExecutor.java:180)
	at java.util.concurrent.ScheduledThreadPoolExecutor$ScheduledFutureTask.run(ScheduledThreadPoolExecutor.java:293)
	at java.util.concurrent.ThreadPoolExecutor.runWorker(ThreadPoolExecutor.java:1142)
	at java.util.concurrent.ThreadPoolExecutor$Worker.run(ThreadPoolExecutor.java:617)
	at java.lang.Thread.run(Thread.java:745)
2019-03-07 17:40:36.006 ERROR[pool-1-thread-1]com.qn.task.TaskService.reachableIPC:79 -ip Address error: 
java.net.ConnectException: Host is down
	at java.net.Inet6AddressImpl.isReachable0(Native Method)
	at java.net.Inet6AddressImpl.isReachable(Inet6AddressImpl.java:77)
	at java.net.InetAddress.isReachable(InetAddress.java:481)
	at java.net.InetAddress.isReachable(InetAddress.java:440)
	at com.qn.task.TaskService.ping(TaskService.java:146)
	at com.qn.task.TaskService.reachableIPC(TaskService.java:77)
	at com.qn.task.TaskService.monitorIPC(TaskService.java:50)
	at sun.reflect.NativeMethodAccessorImpl.invoke0(Native Method)
	at sun.reflect.NativeMethodAccessorImpl.invoke(NativeMethodAccessorImpl.java:62)
	at sun.reflect.DelegatingMethodAccessorImpl.invoke(DelegatingMethodAccessorImpl.java:43)
	at java.lang.reflect.Method.invoke(Method.java:497)
	at org.springframework.scheduling.support.ScheduledMethodRunnable.run(ScheduledMethodRunnable.java:65)
	at org.springframework.scheduling.support.DelegatingErrorHandlingRunnable.run(DelegatingErrorHandlingRunnable.java:54)
	at org.springframework.scheduling.concurrent.ReschedulingRunnable.run(ReschedulingRunnable.java:81)
	at java.util.concurrent.Executors$RunnableAdapter.call(Executors.java:511)
	at java.util.concurrent.FutureTask.run(FutureTask.java:266)
	at java.util.concurrent.ScheduledThreadPoolExecutor$ScheduledFutureTask.access$201(ScheduledThreadPoolExecutor.java:180)
	at java.util.concurrent.ScheduledThreadPoolExecutor$ScheduledFutureTask.run(ScheduledThreadPoolExecutor.java:293)
	at java.util.concurrent.ThreadPoolExecutor.runWorker(ThreadPoolExecutor.java:1142)
	at java.util.concurrent.ThreadPoolExecutor$Worker.run(ThreadPoolExecutor.java:617)
	at java.lang.Thread.run(Thread.java:745)
2019-03-07 17:40:38.004 ERROR[pool-1-thread-1]com.qn.task.TaskService.reachableIPC:79 -ip Address error: 
java.net.ConnectException: Host is down
	at java.net.Inet6AddressImpl.isReachable0(Native Method)
	at java.net.Inet6AddressImpl.isReachable(Inet6AddressImpl.java:77)
	at java.net.InetAddress.isReachable(InetAddress.java:481)
	at java.net.InetAddress.isReachable(InetAddress.java:440)
	at com.qn.task.TaskService.ping(TaskService.java:146)
	at com.qn.task.TaskService.reachableIPC(TaskService.java:77)
	at com.qn.task.TaskService.monitorIPC(TaskService.java:50)
	at sun.reflect.NativeMethodAccessorImpl.invoke0(Native Method)
	at sun.reflect.NativeMethodAccessorImpl.invoke(NativeMethodAccessorImpl.java:62)
	at sun.reflect.DelegatingMethodAccessorImpl.invoke(DelegatingMethodAccessorImpl.java:43)
	at java.lang.reflect.Method.invoke(Method.java:497)
	at org.springframework.scheduling.support.ScheduledMethodRunnable.run(ScheduledMethodRunnable.java:65)
	at org.springframework.scheduling.support.DelegatingErrorHandlingRunnable.run(DelegatingErrorHandlingRunnable.java:54)
	at org.springframework.scheduling.concurrent.ReschedulingRunnable.run(ReschedulingRunnable.java:81)
	at java.util.concurrent.Executors$RunnableAdapter.call(Executors.java:511)
	at java.util.concurrent.FutureTask.run(FutureTask.java:266)
	at java.util.concurrent.ScheduledThreadPoolExecutor$ScheduledFutureTask.access$201(ScheduledThreadPoolExecutor.java:180)
	at java.util.concurrent.ScheduledThreadPoolExecutor$ScheduledFutureTask.run(ScheduledThreadPoolExecutor.java:293)
	at java.util.concurrent.ThreadPoolExecutor.runWorker(ThreadPoolExecutor.java:1142)
	at java.util.concurrent.ThreadPoolExecutor$Worker.run(ThreadPoolExecutor.java:617)
	at java.lang.Thread.run(Thread.java:745)
2019-03-07 17:40:40.001 ERROR[pool-1-thread-1]com.qn.task.TaskService.reachableIPC:79 -ip Address error: 
java.net.ConnectException: Host is down
	at java.net.Inet6AddressImpl.isReachable0(Native Method)
	at java.net.Inet6AddressImpl.isReachable(Inet6AddressImpl.java:77)
	at java.net.InetAddress.isReachable(InetAddress.java:481)
	at java.net.InetAddress.isReachable(InetAddress.java:440)
	at com.qn.task.TaskService.ping(TaskService.java:146)
	at com.qn.task.TaskService.reachableIPC(TaskService.java:77)
	at com.qn.task.TaskService.monitorIPC(TaskService.java:50)
	at sun.reflect.NativeMethodAccessorImpl.invoke0(Native Method)
	at sun.reflect.NativeMethodAccessorImpl.invoke(NativeMethodAccessorImpl.java:62)
	at sun.reflect.DelegatingMethodAccessorImpl.invoke(DelegatingMethodAccessorImpl.java:43)
	at java.lang.reflect.Method.invoke(Method.java:497)
	at org.springframework.scheduling.support.ScheduledMethodRunnable.run(ScheduledMethodRunnable.java:65)
	at org.springframework.scheduling.support.DelegatingErrorHandlingRunnable.run(DelegatingErrorHandlingRunnable.java:54)
	at org.springframework.scheduling.concurrent.ReschedulingRunnable.run(ReschedulingRunnable.java:81)
	at java.util.concurrent.Executors$RunnableAdapter.call(Executors.java:511)
	at java.util.concurrent.FutureTask.run(FutureTask.java:266)
	at java.util.concurrent.ScheduledThreadPoolExecutor$ScheduledFutureTask.access$201(ScheduledThreadPoolExecutor.java:180)
	at java.util.concurrent.ScheduledThreadPoolExecutor$ScheduledFutureTask.run(ScheduledThreadPoolExecutor.java:293)
	at java.util.concurrent.ThreadPoolExecutor.runWorker(ThreadPoolExecutor.java:1142)
	at java.util.concurrent.ThreadPoolExecutor$Worker.run(ThreadPoolExecutor.java:617)
	at java.lang.Thread.run(Thread.java:745)
2019-03-07 17:40:42.003 ERROR[pool-1-thread-1]com.qn.task.TaskService.reachableIPC:79 -ip Address error: 
java.net.ConnectException: Host is down
	at java.net.Inet6AddressImpl.isReachable0(Native Method)
	at java.net.Inet6AddressImpl.isReachable(Inet6AddressImpl.java:77)
	at java.net.InetAddress.isReachable(InetAddress.java:481)
	at java.net.InetAddress.isReachable(InetAddress.java:440)
	at com.qn.task.TaskService.ping(TaskService.java:146)
	at com.qn.task.TaskService.reachableIPC(TaskService.java:77)
	at com.qn.task.TaskService.monitorIPC(TaskService.java:50)
	at sun.reflect.NativeMethodAccessorImpl.invoke0(Native Method)
	at sun.reflect.NativeMethodAccessorImpl.invoke(NativeMethodAccessorImpl.java:62)
	at sun.reflect.DelegatingMethodAccessorImpl.invoke(DelegatingMethodAccessorImpl.java:43)
	at java.lang.reflect.Method.invoke(Method.java:497)
	at org.springframework.scheduling.support.ScheduledMethodRunnable.run(ScheduledMethodRunnable.java:65)
	at org.springframework.scheduling.support.DelegatingErrorHandlingRunnable.run(DelegatingErrorHandlingRunnable.java:54)
	at org.springframework.scheduling.concurrent.ReschedulingRunnable.run(ReschedulingRunnable.java:81)
	at java.util.concurrent.Executors$RunnableAdapter.call(Executors.java:511)
	at java.util.concurrent.FutureTask.run(FutureTask.java:266)
	at java.util.concurrent.ScheduledThreadPoolExecutor$ScheduledFutureTask.access$201(ScheduledThreadPoolExecutor.java:180)
	at java.util.concurrent.ScheduledThreadPoolExecutor$ScheduledFutureTask.run(ScheduledThreadPoolExecutor.java:293)
	at java.util.concurrent.ThreadPoolExecutor.runWorker(ThreadPoolExecutor.java:1142)
	at java.util.concurrent.ThreadPoolExecutor$Worker.run(ThreadPoolExecutor.java:617)
	at java.lang.Thread.run(Thread.java:745)
2019-03-07 17:40:44.005 ERROR[pool-1-thread-1]com.qn.task.TaskService.reachableIPC:79 -ip Address error: 
java.net.ConnectException: Host is down
	at java.net.Inet6AddressImpl.isReachable0(Native Method)
	at java.net.Inet6AddressImpl.isReachable(Inet6AddressImpl.java:77)
	at java.net.InetAddress.isReachable(InetAddress.java:481)
	at java.net.InetAddress.isReachable(InetAddress.java:440)
	at com.qn.task.TaskService.ping(TaskService.java:146)
	at com.qn.task.TaskService.reachableIPC(TaskService.java:77)
	at com.qn.task.TaskService.monitorIPC(TaskService.java:50)
	at sun.reflect.NativeMethodAccessorImpl.invoke0(Native Method)
	at sun.reflect.NativeMethodAccessorImpl.invoke(NativeMethodAccessorImpl.java:62)
	at sun.reflect.DelegatingMethodAccessorImpl.invoke(DelegatingMethodAccessorImpl.java:43)
	at java.lang.reflect.Method.invoke(Method.java:497)
	at org.springframework.scheduling.support.ScheduledMethodRunnable.run(ScheduledMethodRunnable.java:65)
	at org.springframework.scheduling.support.DelegatingErrorHandlingRunnable.run(DelegatingErrorHandlingRunnable.java:54)
	at org.springframework.scheduling.concurrent.ReschedulingRunnable.run(ReschedulingRunnable.java:81)
	at java.util.concurrent.Executors$RunnableAdapter.call(Executors.java:511)
	at java.util.concurrent.FutureTask.run(FutureTask.java:266)
	at java.util.concurrent.ScheduledThreadPoolExecutor$ScheduledFutureTask.access$201(ScheduledThreadPoolExecutor.java:180)
	at java.util.concurrent.ScheduledThreadPoolExecutor$ScheduledFutureTask.run(ScheduledThreadPoolExecutor.java:293)
	at java.util.concurrent.ThreadPoolExecutor.runWorker(ThreadPoolExecutor.java:1142)
	at java.util.concurrent.ThreadPoolExecutor$Worker.run(ThreadPoolExecutor.java:617)
	at java.lang.Thread.run(Thread.java:745)
2019-03-07 17:40:50.005 ERROR[pool-1-thread-1]com.qn.task.TaskService.reachableIPC:79 -ip Address error: 
java.net.ConnectException: Host is down
	at java.net.Inet6AddressImpl.isReachable0(Native Method)
	at java.net.Inet6AddressImpl.isReachable(Inet6AddressImpl.java:77)
	at java.net.InetAddress.isReachable(InetAddress.java:481)
	at java.net.InetAddress.isReachable(InetAddress.java:440)
	at com.qn.task.TaskService.ping(TaskService.java:146)
	at com.qn.task.TaskService.reachableIPC(TaskService.java:77)
	at com.qn.task.TaskService.monitorIPC(TaskService.java:50)
	at sun.reflect.NativeMethodAccessorImpl.invoke0(Native Method)
	at sun.reflect.NativeMethodAccessorImpl.invoke(NativeMethodAccessorImpl.java:62)
	at sun.reflect.DelegatingMethodAccessorImpl.invoke(DelegatingMethodAccessorImpl.java:43)
	at java.lang.reflect.Method.invoke(Method.java:497)
	at org.springframework.scheduling.support.ScheduledMethodRunnable.run(ScheduledMethodRunnable.java:65)
	at org.springframework.scheduling.support.DelegatingErrorHandlingRunnable.run(DelegatingErrorHandlingRunnable.java:54)
	at org.springframework.scheduling.concurrent.ReschedulingRunnable.run(ReschedulingRunnable.java:81)
	at java.util.concurrent.Executors$RunnableAdapter.call(Executors.java:511)
	at java.util.concurrent.FutureTask.run(FutureTask.java:266)
	at java.util.concurrent.ScheduledThreadPoolExecutor$ScheduledFutureTask.access$201(ScheduledThreadPoolExecutor.java:180)
	at java.util.concurrent.ScheduledThreadPoolExecutor$ScheduledFutureTask.run(ScheduledThreadPoolExecutor.java:293)
	at java.util.concurrent.ThreadPoolExecutor.runWorker(ThreadPoolExecutor.java:1142)
	at java.util.concurrent.ThreadPoolExecutor$Worker.run(ThreadPoolExecutor.java:617)
	at java.lang.Thread.run(Thread.java:745)
2019-03-07 17:40:52.004 ERROR[pool-1-thread-1]com.qn.task.TaskService.reachableIPC:79 -ip Address error: 
java.net.ConnectException: Host is down
	at java.net.Inet6AddressImpl.isReachable0(Native Method)
	at java.net.Inet6AddressImpl.isReachable(Inet6AddressImpl.java:77)
	at java.net.InetAddress.isReachable(InetAddress.java:481)
	at java.net.InetAddress.isReachable(InetAddress.java:440)
	at com.qn.task.TaskService.ping(TaskService.java:146)
	at com.qn.task.TaskService.reachableIPC(TaskService.java:77)
	at com.qn.task.TaskService.monitorIPC(TaskService.java:50)
	at sun.reflect.NativeMethodAccessorImpl.invoke0(Native Method)
	at sun.reflect.NativeMethodAccessorImpl.invoke(NativeMethodAccessorImpl.java:62)
	at sun.reflect.DelegatingMethodAccessorImpl.invoke(DelegatingMethodAccessorImpl.java:43)
	at java.lang.reflect.Method.invoke(Method.java:497)
	at org.springframework.scheduling.support.ScheduledMethodRunnable.run(ScheduledMethodRunnable.java:65)
	at org.springframework.scheduling.support.DelegatingErrorHandlingRunnable.run(DelegatingErrorHandlingRunnable.java:54)
	at org.springframework.scheduling.concurrent.ReschedulingRunnable.run(ReschedulingRunnable.java:81)
	at java.util.concurrent.Executors$RunnableAdapter.call(Executors.java:511)
	at java.util.concurrent.FutureTask.run(FutureTask.java:266)
	at java.util.concurrent.ScheduledThreadPoolExecutor$ScheduledFutureTask.access$201(ScheduledThreadPoolExecutor.java:180)
	at java.util.concurrent.ScheduledThreadPoolExecutor$ScheduledFutureTask.run(ScheduledThreadPoolExecutor.java:293)
	at java.util.concurrent.ThreadPoolExecutor.runWorker(ThreadPoolExecutor.java:1142)
	at java.util.concurrent.ThreadPoolExecutor$Worker.run(ThreadPoolExecutor.java:617)
	at java.lang.Thread.run(Thread.java:745)
2019-03-07 17:41:58.005 ERROR[pool-1-thread-1]com.qn.task.TaskService.reachableIPC:81 -ip Address error: 
java.net.ConnectException: No route to host
	at java.net.Inet6AddressImpl.isReachable0(Native Method)
	at java.net.Inet6AddressImpl.isReachable(Inet6AddressImpl.java:77)
	at java.net.InetAddress.isReachable(InetAddress.java:481)
	at java.net.InetAddress.isReachable(InetAddress.java:440)
	at com.qn.task.TaskService.ping(TaskService.java:148)
	at com.qn.task.TaskService.reachableIPC(TaskService.java:76)
	at com.qn.task.TaskService.monitorIPC(TaskService.java:50)
	at sun.reflect.NativeMethodAccessorImpl.invoke0(Native Method)
	at sun.reflect.NativeMethodAccessorImpl.invoke(NativeMethodAccessorImpl.java:62)
	at sun.reflect.DelegatingMethodAccessorImpl.invoke(DelegatingMethodAccessorImpl.java:43)
	at java.lang.reflect.Method.invoke(Method.java:497)
	at org.springframework.scheduling.support.ScheduledMethodRunnable.run(ScheduledMethodRunnable.java:65)
	at org.springframework.scheduling.support.DelegatingErrorHandlingRunnable.run(DelegatingErrorHandlingRunnable.java:54)
	at org.springframework.scheduling.concurrent.ReschedulingRunnable.run(ReschedulingRunnable.java:81)
	at java.util.concurrent.Executors$RunnableAdapter.call(Executors.java:511)
	at java.util.concurrent.FutureTask.run(FutureTask.java:266)
	at java.util.concurrent.ScheduledThreadPoolExecutor$ScheduledFutureTask.access$201(ScheduledThreadPoolExecutor.java:180)
	at java.util.concurrent.ScheduledThreadPoolExecutor$ScheduledFutureTask.run(ScheduledThreadPoolExecutor.java:293)
	at java.util.concurrent.ThreadPoolExecutor.runWorker(ThreadPoolExecutor.java:1142)
	at java.util.concurrent.ThreadPoolExecutor$Worker.run(ThreadPoolExecutor.java:617)
	at java.lang.Thread.run(Thread.java:745)
2019-03-07 17:42:00.000 ERROR[pool-1-thread-1]com.qn.task.TaskService.reachableIPC:81 -ip Address error: 
java.net.ConnectException: Host is down
	at java.net.Inet6AddressImpl.isReachable0(Native Method)
	at java.net.Inet6AddressImpl.isReachable(Inet6AddressImpl.java:77)
	at java.net.InetAddress.isReachable(InetAddress.java:481)
	at java.net.InetAddress.isReachable(InetAddress.java:440)
	at com.qn.task.TaskService.ping(TaskService.java:148)
	at com.qn.task.TaskService.reachableIPC(TaskService.java:76)
	at com.qn.task.TaskService.monitorIPC(TaskService.java:50)
	at sun.reflect.NativeMethodAccessorImpl.invoke0(Native Method)
	at sun.reflect.NativeMethodAccessorImpl.invoke(NativeMethodAccessorImpl.java:62)
	at sun.reflect.DelegatingMethodAccessorImpl.invoke(DelegatingMethodAccessorImpl.java:43)
	at java.lang.reflect.Method.invoke(Method.java:497)
	at org.springframework.scheduling.support.ScheduledMethodRunnable.run(ScheduledMethodRunnable.java:65)
	at org.springframework.scheduling.support.DelegatingErrorHandlingRunnable.run(DelegatingErrorHandlingRunnable.java:54)
	at org.springframework.scheduling.concurrent.ReschedulingRunnable.run(ReschedulingRunnable.java:81)
	at java.util.concurrent.Executors$RunnableAdapter.call(Executors.java:511)
	at java.util.concurrent.FutureTask.run(FutureTask.java:266)
	at java.util.concurrent.ScheduledThreadPoolExecutor$ScheduledFutureTask.access$201(ScheduledThreadPoolExecutor.java:180)
	at java.util.concurrent.ScheduledThreadPoolExecutor$ScheduledFutureTask.run(ScheduledThreadPoolExecutor.java:293)
	at java.util.concurrent.ThreadPoolExecutor.runWorker(ThreadPoolExecutor.java:1142)
	at java.util.concurrent.ThreadPoolExecutor$Worker.run(ThreadPoolExecutor.java:617)
	at java.lang.Thread.run(Thread.java:745)
2019-03-07 17:42:02.001 ERROR[pool-1-thread-1]com.qn.task.TaskService.reachableIPC:81 -ip Address error: 
java.net.ConnectException: Host is down
	at java.net.Inet6AddressImpl.isReachable0(Native Method)
	at java.net.Inet6AddressImpl.isReachable(Inet6AddressImpl.java:77)
	at java.net.InetAddress.isReachable(InetAddress.java:481)
	at java.net.InetAddress.isReachable(InetAddress.java:440)
	at com.qn.task.TaskService.ping(TaskService.java:148)
	at com.qn.task.TaskService.reachableIPC(TaskService.java:76)
	at com.qn.task.TaskService.monitorIPC(TaskService.java:50)
	at sun.reflect.NativeMethodAccessorImpl.invoke0(Native Method)
	at sun.reflect.NativeMethodAccessorImpl.invoke(NativeMethodAccessorImpl.java:62)
	at sun.reflect.DelegatingMethodAccessorImpl.invoke(DelegatingMethodAccessorImpl.java:43)
	at java.lang.reflect.Method.invoke(Method.java:497)
	at org.springframework.scheduling.support.ScheduledMethodRunnable.run(ScheduledMethodRunnable.java:65)
	at org.springframework.scheduling.support.DelegatingErrorHandlingRunnable.run(DelegatingErrorHandlingRunnable.java:54)
	at org.springframework.scheduling.concurrent.ReschedulingRunnable.run(ReschedulingRunnable.java:81)
	at java.util.concurrent.Executors$RunnableAdapter.call(Executors.java:511)
	at java.util.concurrent.FutureTask.run(FutureTask.java:266)
	at java.util.concurrent.ScheduledThreadPoolExecutor$ScheduledFutureTask.access$201(ScheduledThreadPoolExecutor.java:180)
	at java.util.concurrent.ScheduledThreadPoolExecutor$ScheduledFutureTask.run(ScheduledThreadPoolExecutor.java:293)
	at java.util.concurrent.ThreadPoolExecutor.runWorker(ThreadPoolExecutor.java:1142)
	at java.util.concurrent.ThreadPoolExecutor$Worker.run(ThreadPoolExecutor.java:617)
	at java.lang.Thread.run(Thread.java:745)
2019-03-07 17:42:04.005 ERROR[pool-1-thread-1]com.qn.task.TaskService.reachableIPC:81 -ip Address error: 
java.net.ConnectException: Host is down
	at java.net.Inet6AddressImpl.isReachable0(Native Method)
	at java.net.Inet6AddressImpl.isReachable(Inet6AddressImpl.java:77)
	at java.net.InetAddress.isReachable(InetAddress.java:481)
	at java.net.InetAddress.isReachable(InetAddress.java:440)
	at com.qn.task.TaskService.ping(TaskService.java:148)
	at com.qn.task.TaskService.reachableIPC(TaskService.java:76)
	at com.qn.task.TaskService.monitorIPC(TaskService.java:50)
	at sun.reflect.NativeMethodAccessorImpl.invoke0(Native Method)
	at sun.reflect.NativeMethodAccessorImpl.invoke(NativeMethodAccessorImpl.java:62)
	at sun.reflect.DelegatingMethodAccessorImpl.invoke(DelegatingMethodAccessorImpl.java:43)
	at java.lang.reflect.Method.invoke(Method.java:497)
	at org.springframework.scheduling.support.ScheduledMethodRunnable.run(ScheduledMethodRunnable.java:65)
	at org.springframework.scheduling.support.DelegatingErrorHandlingRunnable.run(DelegatingErrorHandlingRunnable.java:54)
	at org.springframework.scheduling.concurrent.ReschedulingRunnable.run(ReschedulingRunnable.java:81)
	at java.util.concurrent.Executors$RunnableAdapter.call(Executors.java:511)
	at java.util.concurrent.FutureTask.run(FutureTask.java:266)
	at java.util.concurrent.ScheduledThreadPoolExecutor$ScheduledFutureTask.access$201(ScheduledThreadPoolExecutor.java:180)
	at java.util.concurrent.ScheduledThreadPoolExecutor$ScheduledFutureTask.run(ScheduledThreadPoolExecutor.java:293)
	at java.util.concurrent.ThreadPoolExecutor.runWorker(ThreadPoolExecutor.java:1142)
	at java.util.concurrent.ThreadPoolExecutor$Worker.run(ThreadPoolExecutor.java:617)
	at java.lang.Thread.run(Thread.java:745)
2019-03-07 17:42:06.004 ERROR[pool-1-thread-1]com.qn.task.TaskService.reachableIPC:81 -ip Address error: 
java.net.ConnectException: Host is down
	at java.net.Inet6AddressImpl.isReachable0(Native Method)
	at java.net.Inet6AddressImpl.isReachable(Inet6AddressImpl.java:77)
	at java.net.InetAddress.isReachable(InetAddress.java:481)
	at java.net.InetAddress.isReachable(InetAddress.java:440)
	at com.qn.task.TaskService.ping(TaskService.java:148)
	at com.qn.task.TaskService.reachableIPC(TaskService.java:76)
	at com.qn.task.TaskService.monitorIPC(TaskService.java:50)
	at sun.reflect.NativeMethodAccessorImpl.invoke0(Native Method)
	at sun.reflect.NativeMethodAccessorImpl.invoke(NativeMethodAccessorImpl.java:62)
	at sun.reflect.DelegatingMethodAccessorImpl.invoke(DelegatingMethodAccessorImpl.java:43)
	at java.lang.reflect.Method.invoke(Method.java:497)
	at org.springframework.scheduling.support.ScheduledMethodRunnable.run(ScheduledMethodRunnable.java:65)
	at org.springframework.scheduling.support.DelegatingErrorHandlingRunnable.run(DelegatingErrorHandlingRunnable.java:54)
	at org.springframework.scheduling.concurrent.ReschedulingRunnable.run(ReschedulingRunnable.java:81)
	at java.util.concurrent.Executors$RunnableAdapter.call(Executors.java:511)
	at java.util.concurrent.FutureTask.run(FutureTask.java:266)
	at java.util.concurrent.ScheduledThreadPoolExecutor$ScheduledFutureTask.access$201(ScheduledThreadPoolExecutor.java:180)
	at java.util.concurrent.ScheduledThreadPoolExecutor$ScheduledFutureTask.run(ScheduledThreadPoolExecutor.java:293)
	at java.util.concurrent.ThreadPoolExecutor.runWorker(ThreadPoolExecutor.java:1142)
	at java.util.concurrent.ThreadPoolExecutor$Worker.run(ThreadPoolExecutor.java:617)
	at java.lang.Thread.run(Thread.java:745)
2019-03-07 17:42:08.004 ERROR[pool-1-thread-1]com.qn.task.TaskService.reachableIPC:81 -ip Address error: 
java.net.ConnectException: Host is down
	at java.net.Inet6AddressImpl.isReachable0(Native Method)
	at java.net.Inet6AddressImpl.isReachable(Inet6AddressImpl.java:77)
	at java.net.InetAddress.isReachable(InetAddress.java:481)
	at java.net.InetAddress.isReachable(InetAddress.java:440)
	at com.qn.task.TaskService.ping(TaskService.java:148)
	at com.qn.task.TaskService.reachableIPC(TaskService.java:76)
	at com.qn.task.TaskService.monitorIPC(TaskService.java:50)
	at sun.reflect.NativeMethodAccessorImpl.invoke0(Native Method)
	at sun.reflect.NativeMethodAccessorImpl.invoke(NativeMethodAccessorImpl.java:62)
	at sun.reflect.DelegatingMethodAccessorImpl.invoke(DelegatingMethodAccessorImpl.java:43)
	at java.lang.reflect.Method.invoke(Method.java:497)
	at org.springframework.scheduling.support.ScheduledMethodRunnable.run(ScheduledMethodRunnable.java:65)
	at org.springframework.scheduling.support.DelegatingErrorHandlingRunnable.run(DelegatingErrorHandlingRunnable.java:54)
	at org.springframework.scheduling.concurrent.ReschedulingRunnable.run(ReschedulingRunnable.java:81)
	at java.util.concurrent.Executors$RunnableAdapter.call(Executors.java:511)
	at java.util.concurrent.FutureTask.run(FutureTask.java:266)
	at java.util.concurrent.ScheduledThreadPoolExecutor$ScheduledFutureTask.access$201(ScheduledThreadPoolExecutor.java:180)
	at java.util.concurrent.ScheduledThreadPoolExecutor$ScheduledFutureTask.run(ScheduledThreadPoolExecutor.java:293)
	at java.util.concurrent.ThreadPoolExecutor.runWorker(ThreadPoolExecutor.java:1142)
	at java.util.concurrent.ThreadPoolExecutor$Worker.run(ThreadPoolExecutor.java:617)
	at java.lang.Thread.run(Thread.java:745)
2019-03-07 17:42:10.005 ERROR[pool-1-thread-1]com.qn.task.TaskService.reachableIPC:81 -ip Address error: 
java.net.ConnectException: Host is down
	at java.net.Inet6AddressImpl.isReachable0(Native Method)
	at java.net.Inet6AddressImpl.isReachable(Inet6AddressImpl.java:77)
	at java.net.InetAddress.isReachable(InetAddress.java:481)
	at java.net.InetAddress.isReachable(InetAddress.java:440)
	at com.qn.task.TaskService.ping(TaskService.java:148)
	at com.qn.task.TaskService.reachableIPC(TaskService.java:76)
	at com.qn.task.TaskService.monitorIPC(TaskService.java:50)
	at sun.reflect.NativeMethodAccessorImpl.invoke0(Native Method)
	at sun.reflect.NativeMethodAccessorImpl.invoke(NativeMethodAccessorImpl.java:62)
	at sun.reflect.DelegatingMethodAccessorImpl.invoke(DelegatingMethodAccessorImpl.java:43)
	at java.lang.reflect.Method.invoke(Method.java:497)
	at org.springframework.scheduling.support.ScheduledMethodRunnable.run(ScheduledMethodRunnable.java:65)
	at org.springframework.scheduling.support.DelegatingErrorHandlingRunnable.run(DelegatingErrorHandlingRunnable.java:54)
	at org.springframework.scheduling.concurrent.ReschedulingRunnable.run(ReschedulingRunnable.java:81)
	at java.util.concurrent.Executors$RunnableAdapter.call(Executors.java:511)
	at java.util.concurrent.FutureTask.run(FutureTask.java:266)
	at java.util.concurrent.ScheduledThreadPoolExecutor$ScheduledFutureTask.access$201(ScheduledThreadPoolExecutor.java:180)
	at java.util.concurrent.ScheduledThreadPoolExecutor$ScheduledFutureTask.run(ScheduledThreadPoolExecutor.java:293)
	at java.util.concurrent.ThreadPoolExecutor.runWorker(ThreadPoolExecutor.java:1142)
	at java.util.concurrent.ThreadPoolExecutor$Worker.run(ThreadPoolExecutor.java:617)
	at java.lang.Thread.run(Thread.java:745)
2019-03-07 17:42:12.001 ERROR[pool-1-thread-1]com.qn.task.TaskService.reachableIPC:81 -ip Address error: 
java.net.ConnectException: Host is down
	at java.net.Inet6AddressImpl.isReachable0(Native Method)
	at java.net.Inet6AddressImpl.isReachable(Inet6AddressImpl.java:77)
	at java.net.InetAddress.isReachable(InetAddress.java:481)
	at java.net.InetAddress.isReachable(InetAddress.java:440)
	at com.qn.task.TaskService.ping(TaskService.java:148)
	at com.qn.task.TaskService.reachableIPC(TaskService.java:76)
	at com.qn.task.TaskService.monitorIPC(TaskService.java:50)
	at sun.reflect.NativeMethodAccessorImpl.invoke0(Native Method)
	at sun.reflect.NativeMethodAccessorImpl.invoke(NativeMethodAccessorImpl.java:62)
	at sun.reflect.DelegatingMethodAccessorImpl.invoke(DelegatingMethodAccessorImpl.java:43)
	at java.lang.reflect.Method.invoke(Method.java:497)
	at org.springframework.scheduling.support.ScheduledMethodRunnable.run(ScheduledMethodRunnable.java:65)
	at org.springframework.scheduling.support.DelegatingErrorHandlingRunnable.run(DelegatingErrorHandlingRunnable.java:54)
	at org.springframework.scheduling.concurrent.ReschedulingRunnable.run(ReschedulingRunnable.java:81)
	at java.util.concurrent.Executors$RunnableAdapter.call(Executors.java:511)
	at java.util.concurrent.FutureTask.run(FutureTask.java:266)
	at java.util.concurrent.ScheduledThreadPoolExecutor$ScheduledFutureTask.access$201(ScheduledThreadPoolExecutor.java:180)
	at java.util.concurrent.ScheduledThreadPoolExecutor$ScheduledFutureTask.run(ScheduledThreadPoolExecutor.java:293)
	at java.util.concurrent.ThreadPoolExecutor.runWorker(ThreadPoolExecutor.java:1142)
	at java.util.concurrent.ThreadPoolExecutor$Worker.run(ThreadPoolExecutor.java:617)
	at java.lang.Thread.run(Thread.java:745)
2019-03-07 17:42:14.005 ERROR[pool-1-thread-1]com.qn.task.TaskService.reachableIPC:81 -ip Address error: 
java.net.ConnectException: Host is down
	at java.net.Inet6AddressImpl.isReachable0(Native Method)
	at java.net.Inet6AddressImpl.isReachable(Inet6AddressImpl.java:77)
	at java.net.InetAddress.isReachable(InetAddress.java:481)
	at java.net.InetAddress.isReachable(InetAddress.java:440)
	at com.qn.task.TaskService.ping(TaskService.java:148)
	at com.qn.task.TaskService.reachableIPC(TaskService.java:76)
	at com.qn.task.TaskService.monitorIPC(TaskService.java:50)
	at sun.reflect.NativeMethodAccessorImpl.invoke0(Native Method)
	at sun.reflect.NativeMethodAccessorImpl.invoke(NativeMethodAccessorImpl.java:62)
	at sun.reflect.DelegatingMethodAccessorImpl.invoke(DelegatingMethodAccessorImpl.java:43)
	at java.lang.reflect.Method.invoke(Method.java:497)
	at org.springframework.scheduling.support.ScheduledMethodRunnable.run(ScheduledMethodRunnable.java:65)
	at org.springframework.scheduling.support.DelegatingErrorHandlingRunnable.run(DelegatingErrorHandlingRunnable.java:54)
	at org.springframework.scheduling.concurrent.ReschedulingRunnable.run(ReschedulingRunnable.java:81)
	at java.util.concurrent.Executors$RunnableAdapter.call(Executors.java:511)
	at java.util.concurrent.FutureTask.run(FutureTask.java:266)
	at java.util.concurrent.ScheduledThreadPoolExecutor$ScheduledFutureTask.access$201(ScheduledThreadPoolExecutor.java:180)
	at java.util.concurrent.ScheduledThreadPoolExecutor$ScheduledFutureTask.run(ScheduledThreadPoolExecutor.java:293)
	at java.util.concurrent.ThreadPoolExecutor.runWorker(ThreadPoolExecutor.java:1142)
	at java.util.concurrent.ThreadPoolExecutor$Worker.run(ThreadPoolExecutor.java:617)
	at java.lang.Thread.run(Thread.java:745)
2019-03-07 17:42:16.005 ERROR[pool-1-thread-1]com.qn.task.TaskService.reachableIPC:81 -ip Address error: 
java.net.ConnectException: Host is down
	at java.net.Inet6AddressImpl.isReachable0(Native Method)
	at java.net.Inet6AddressImpl.isReachable(Inet6AddressImpl.java:77)
	at java.net.InetAddress.isReachable(InetAddress.java:481)
	at java.net.InetAddress.isReachable(InetAddress.java:440)
	at com.qn.task.TaskService.ping(TaskService.java:148)
	at com.qn.task.TaskService.reachableIPC(TaskService.java:76)
	at com.qn.task.TaskService.monitorIPC(TaskService.java:50)
	at sun.reflect.NativeMethodAccessorImpl.invoke0(Native Method)
	at sun.reflect.NativeMethodAccessorImpl.invoke(NativeMethodAccessorImpl.java:62)
	at sun.reflect.DelegatingMethodAccessorImpl.invoke(DelegatingMethodAccessorImpl.java:43)
	at java.lang.reflect.Method.invoke(Method.java:497)
	at org.springframework.scheduling.support.ScheduledMethodRunnable.run(ScheduledMethodRunnable.java:65)
	at org.springframework.scheduling.support.DelegatingErrorHandlingRunnable.run(DelegatingErrorHandlingRunnable.java:54)
	at org.springframework.scheduling.concurrent.ReschedulingRunnable.run(ReschedulingRunnable.java:81)
	at java.util.concurrent.Executors$RunnableAdapter.call(Executors.java:511)
	at java.util.concurrent.FutureTask.run(FutureTask.java:266)
	at java.util.concurrent.ScheduledThreadPoolExecutor$ScheduledFutureTask.access$201(ScheduledThreadPoolExecutor.java:180)
	at java.util.concurrent.ScheduledThreadPoolExecutor$ScheduledFutureTask.run(ScheduledThreadPoolExecutor.java:293)
	at java.util.concurrent.ThreadPoolExecutor.runWorker(ThreadPoolExecutor.java:1142)
	at java.util.concurrent.ThreadPoolExecutor$Worker.run(ThreadPoolExecutor.java:617)
	at java.lang.Thread.run(Thread.java:745)
2019-03-07 17:42:28.003 ERROR[pool-1-thread-1]com.qn.task.TaskService.reachableIPC:81 -ip Address error: 
java.net.ConnectException: No route to host
	at java.net.Inet6AddressImpl.isReachable0(Native Method)
	at java.net.Inet6AddressImpl.isReachable(Inet6AddressImpl.java:77)
	at java.net.InetAddress.isReachable(InetAddress.java:481)
	at java.net.InetAddress.isReachable(InetAddress.java:440)
	at com.qn.task.TaskService.ping(TaskService.java:148)
	at com.qn.task.TaskService.reachableIPC(TaskService.java:76)
	at com.qn.task.TaskService.monitorIPC(TaskService.java:50)
	at sun.reflect.NativeMethodAccessorImpl.invoke0(Native Method)
	at sun.reflect.NativeMethodAccessorImpl.invoke(NativeMethodAccessorImpl.java:62)
	at sun.reflect.DelegatingMethodAccessorImpl.invoke(DelegatingMethodAccessorImpl.java:43)
	at java.lang.reflect.Method.invoke(Method.java:497)
	at org.springframework.scheduling.support.ScheduledMethodRunnable.run(ScheduledMethodRunnable.java:65)
	at org.springframework.scheduling.support.DelegatingErrorHandlingRunnable.run(DelegatingErrorHandlingRunnable.java:54)
	at org.springframework.scheduling.concurrent.ReschedulingRunnable.run(ReschedulingRunnable.java:81)
	at java.util.concurrent.Executors$RunnableAdapter.call(Executors.java:511)
	at java.util.concurrent.FutureTask.run(FutureTask.java:266)
	at java.util.concurrent.ScheduledThreadPoolExecutor$ScheduledFutureTask.access$201(ScheduledThreadPoolExecutor.java:180)
	at java.util.concurrent.ScheduledThreadPoolExecutor$ScheduledFutureTask.run(ScheduledThreadPoolExecutor.java:293)
	at java.util.concurrent.ThreadPoolExecutor.runWorker(ThreadPoolExecutor.java:1142)
	at java.util.concurrent.ThreadPoolExecutor$Worker.run(ThreadPoolExecutor.java:617)
	at java.lang.Thread.run(Thread.java:745)
2019-03-07 17:42:30.005 ERROR[pool-1-thread-1]com.qn.task.TaskService.reachableIPC:81 -ip Address error: 
java.net.ConnectException: Host is down
	at java.net.Inet6AddressImpl.isReachable0(Native Method)
	at java.net.Inet6AddressImpl.isReachable(Inet6AddressImpl.java:77)
	at java.net.InetAddress.isReachable(InetAddress.java:481)
	at java.net.InetAddress.isReachable(InetAddress.java:440)
	at com.qn.task.TaskService.ping(TaskService.java:148)
	at com.qn.task.TaskService.reachableIPC(TaskService.java:76)
	at com.qn.task.TaskService.monitorIPC(TaskService.java:50)
	at sun.reflect.NativeMethodAccessorImpl.invoke0(Native Method)
	at sun.reflect.NativeMethodAccessorImpl.invoke(NativeMethodAccessorImpl.java:62)
	at sun.reflect.DelegatingMethodAccessorImpl.invoke(DelegatingMethodAccessorImpl.java:43)
	at java.lang.reflect.Method.invoke(Method.java:497)
	at org.springframework.scheduling.support.ScheduledMethodRunnable.run(ScheduledMethodRunnable.java:65)
	at org.springframework.scheduling.support.DelegatingErrorHandlingRunnable.run(DelegatingErrorHandlingRunnable.java:54)
	at org.springframework.scheduling.concurrent.ReschedulingRunnable.run(ReschedulingRunnable.java:81)
	at java.util.concurrent.Executors$RunnableAdapter.call(Executors.java:511)
	at java.util.concurrent.FutureTask.run(FutureTask.java:266)
	at java.util.concurrent.ScheduledThreadPoolExecutor$ScheduledFutureTask.access$201(ScheduledThreadPoolExecutor.java:180)
	at java.util.concurrent.ScheduledThreadPoolExecutor$ScheduledFutureTask.run(ScheduledThreadPoolExecutor.java:293)
	at java.util.concurrent.ThreadPoolExecutor.runWorker(ThreadPoolExecutor.java:1142)
	at java.util.concurrent.ThreadPoolExecutor$Worker.run(ThreadPoolExecutor.java:617)
	at java.lang.Thread.run(Thread.java:745)
2019-03-07 17:42:32.001 ERROR[pool-1-thread-1]com.qn.task.TaskService.reachableIPC:81 -ip Address error: 
java.net.ConnectException: Host is down
	at java.net.Inet6AddressImpl.isReachable0(Native Method)
	at java.net.Inet6AddressImpl.isReachable(Inet6AddressImpl.java:77)
	at java.net.InetAddress.isReachable(InetAddress.java:481)
	at java.net.InetAddress.isReachable(InetAddress.java:440)
	at com.qn.task.TaskService.ping(TaskService.java:148)
	at com.qn.task.TaskService.reachableIPC(TaskService.java:76)
	at com.qn.task.TaskService.monitorIPC(TaskService.java:50)
	at sun.reflect.NativeMethodAccessorImpl.invoke0(Native Method)
	at sun.reflect.NativeMethodAccessorImpl.invoke(NativeMethodAccessorImpl.java:62)
	at sun.reflect.DelegatingMethodAccessorImpl.invoke(DelegatingMethodAccessorImpl.java:43)
	at java.lang.reflect.Method.invoke(Method.java:497)
	at org.springframework.scheduling.support.ScheduledMethodRunnable.run(ScheduledMethodRunnable.java:65)
	at org.springframework.scheduling.support.DelegatingErrorHandlingRunnable.run(DelegatingErrorHandlingRunnable.java:54)
	at org.springframework.scheduling.concurrent.ReschedulingRunnable.run(ReschedulingRunnable.java:81)
	at java.util.concurrent.Executors$RunnableAdapter.call(Executors.java:511)
	at java.util.concurrent.FutureTask.run(FutureTask.java:266)
	at java.util.concurrent.ScheduledThreadPoolExecutor$ScheduledFutureTask.access$201(ScheduledThreadPoolExecutor.java:180)
	at java.util.concurrent.ScheduledThreadPoolExecutor$ScheduledFutureTask.run(ScheduledThreadPoolExecutor.java:293)
	at java.util.concurrent.ThreadPoolExecutor.runWorker(ThreadPoolExecutor.java:1142)
	at java.util.concurrent.ThreadPoolExecutor$Worker.run(ThreadPoolExecutor.java:617)
	at java.lang.Thread.run(Thread.java:745)
2019-03-07 17:42:34.002 ERROR[pool-1-thread-1]com.qn.task.TaskService.reachableIPC:81 -ip Address error: 
java.net.ConnectException: Host is down
	at java.net.Inet6AddressImpl.isReachable0(Native Method)
	at java.net.Inet6AddressImpl.isReachable(Inet6AddressImpl.java:77)
	at java.net.InetAddress.isReachable(InetAddress.java:481)
	at java.net.InetAddress.isReachable(InetAddress.java:440)
	at com.qn.task.TaskService.ping(TaskService.java:148)
	at com.qn.task.TaskService.reachableIPC(TaskService.java:76)
	at com.qn.task.TaskService.monitorIPC(TaskService.java:50)
	at sun.reflect.NativeMethodAccessorImpl.invoke0(Native Method)
	at sun.reflect.NativeMethodAccessorImpl.invoke(NativeMethodAccessorImpl.java:62)
	at sun.reflect.DelegatingMethodAccessorImpl.invoke(DelegatingMethodAccessorImpl.java:43)
	at java.lang.reflect.Method.invoke(Method.java:497)
	at org.springframework.scheduling.support.ScheduledMethodRunnable.run(ScheduledMethodRunnable.java:65)
	at org.springframework.scheduling.support.DelegatingErrorHandlingRunnable.run(DelegatingErrorHandlingRunnable.java:54)
	at org.springframework.scheduling.concurrent.ReschedulingRunnable.run(ReschedulingRunnable.java:81)
	at java.util.concurrent.Executors$RunnableAdapter.call(Executors.java:511)
	at java.util.concurrent.FutureTask.run(FutureTask.java:266)
	at java.util.concurrent.ScheduledThreadPoolExecutor$ScheduledFutureTask.access$201(ScheduledThreadPoolExecutor.java:180)
	at java.util.concurrent.ScheduledThreadPoolExecutor$ScheduledFutureTask.run(ScheduledThreadPoolExecutor.java:293)
	at java.util.concurrent.ThreadPoolExecutor.runWorker(ThreadPoolExecutor.java:1142)
	at java.util.concurrent.ThreadPoolExecutor$Worker.run(ThreadPoolExecutor.java:617)
	at java.lang.Thread.run(Thread.java:745)
